{"D:\\GitHub\\rsschool-components\\src\\api\\Api.ts": {"path":"D:\\GitHub\\rsschool-components\\src\\api\\Api.ts","all":false,"statementMap":{"0":{"start":{"line":1,"column":0},"end":{"line":1,"column":58}},"1":{"start":{"line":2,"column":0},"end":{"line":2,"column":56}},"2":{"start":{"line":3,"column":0},"end":{"line":3,"column":0}},"3":{"start":{"line":4,"column":0},"end":{"line":4,"column":16}},"4":{"start":{"line":5,"column":0},"end":{"line":5,"column":18}},"5":{"start":{"line":6,"column":0},"end":{"line":6,"column":25}},"6":{"start":{"line":7,"column":0},"end":{"line":7,"column":11}},"7":{"start":{"line":8,"column":0},"end":{"line":8,"column":18}},"8":{"start":{"line":9,"column":0},"end":{"line":9,"column":18}},"9":{"start":{"line":10,"column":0},"end":{"line":10,"column":25}},"10":{"start":{"line":11,"column":0},"end":{"line":11,"column":26}},"11":{"start":{"line":12,"column":0},"end":{"line":12,"column":59}},"12":{"start":{"line":13,"column":0},"end":{"line":13,"column":1}},"13":{"start":{"line":14,"column":0},"end":{"line":14,"column":0}},"14":{"start":{"line":15,"column":0},"end":{"line":15,"column":34}},"15":{"start":{"line":16,"column":0},"end":{"line":16,"column":45}},"16":{"start":{"line":17,"column":0},"end":{"line":17,"column":0}},"17":{"start":{"line":18,"column":0},"end":{"line":18,"column":28}},"18":{"start":{"line":19,"column":0},"end":{"line":19,"column":0}},"19":{"start":{"line":20,"column":0},"end":{"line":20,"column":62}},"20":{"start":{"line":21,"column":0},"end":{"line":21,"column":9}},"21":{"start":{"line":22,"column":0},"end":{"line":22,"column":60}},"22":{"start":{"line":23,"column":0},"end":{"line":23,"column":0}},"23":{"start":{"line":24,"column":0},"end":{"line":24,"column":25}},"24":{"start":{"line":25,"column":0},"end":{"line":25,"column":20}},"25":{"start":{"line":26,"column":0},"end":{"line":26,"column":7}},"26":{"start":{"line":27,"column":0},"end":{"line":27,"column":0}},"27":{"start":{"line":28,"column":0},"end":{"line":28,"column":35}},"28":{"start":{"line":29,"column":0},"end":{"line":29,"column":21}},"29":{"start":{"line":30,"column":0},"end":{"line":30,"column":18}},"30":{"start":{"line":31,"column":0},"end":{"line":31,"column":5}},"31":{"start":{"line":32,"column":0},"end":{"line":32,"column":3}},"32":{"start":{"line":33,"column":0},"end":{"line":33,"column":0}},"33":{"start":{"line":34,"column":0},"end":{"line":34,"column":80}},"34":{"start":{"line":35,"column":0},"end":{"line":35,"column":9}},"35":{"start":{"line":36,"column":0},"end":{"line":36,"column":35}},"36":{"start":{"line":37,"column":0},"end":{"line":37,"column":73}},"37":{"start":{"line":38,"column":0},"end":{"line":38,"column":35}},"38":{"start":{"line":39,"column":0},"end":{"line":39,"column":32}},"39":{"start":{"line":40,"column":0},"end":{"line":40,"column":8}},"40":{"start":{"line":41,"column":0},"end":{"line":41,"column":25}},"41":{"start":{"line":42,"column":0},"end":{"line":42,"column":16}},"42":{"start":{"line":43,"column":0},"end":{"line":43,"column":23}},"43":{"start":{"line":44,"column":0},"end":{"line":44,"column":30}},"44":{"start":{"line":45,"column":0},"end":{"line":45,"column":42}},"45":{"start":{"line":46,"column":0},"end":{"line":46,"column":19}},"46":{"start":{"line":47,"column":0},"end":{"line":47,"column":10}},"47":{"start":{"line":48,"column":0},"end":{"line":48,"column":7}},"48":{"start":{"line":49,"column":0},"end":{"line":49,"column":0}},"49":{"start":{"line":50,"column":0},"end":{"line":50,"column":80}},"50":{"start":{"line":51,"column":0},"end":{"line":51,"column":0}},"51":{"start":{"line":52,"column":0},"end":{"line":52,"column":46}},"52":{"start":{"line":53,"column":0},"end":{"line":53,"column":21}},"53":{"start":{"line":54,"column":0},"end":{"line":54,"column":14}},"54":{"start":{"line":55,"column":0},"end":{"line":55,"column":21}},"55":{"start":{"line":56,"column":0},"end":{"line":56,"column":28}},"56":{"start":{"line":57,"column":0},"end":{"line":57,"column":40}},"57":{"start":{"line":58,"column":0},"end":{"line":58,"column":17}},"58":{"start":{"line":59,"column":0},"end":{"line":59,"column":8}},"59":{"start":{"line":60,"column":0},"end":{"line":60,"column":5}},"60":{"start":{"line":61,"column":0},"end":{"line":61,"column":3}},"61":{"start":{"line":62,"column":0},"end":{"line":62,"column":1}}},"s":{"0":1,"1":1,"2":1,"3":1,"4":1,"5":1,"6":1,"7":1,"8":1,"9":1,"10":1,"11":1,"12":1,"13":1,"14":1,"15":20,"16":20,"17":20,"18":20,"19":20,"20":2,"21":2,"22":0,"23":0,"24":0,"25":0,"26":0,"27":0,"28":0,"29":0,"30":0,"31":2,"32":20,"33":20,"34":3,"35":3,"36":3,"37":3,"38":3,"39":3,"40":2,"41":0,"42":0,"43":0,"44":0,"45":0,"46":0,"47":0,"48":1,"49":1,"50":1,"51":1,"52":2,"53":0,"54":0,"55":0,"56":0,"57":0,"58":0,"59":0,"60":3,"61":20},"branchMap":{"0":{"type":"branch","line":15,"loc":{"start":{"line":15,"column":7},"end":{"line":62,"column":1}},"locations":[{"start":{"line":15,"column":7},"end":{"line":62,"column":1}}]},"1":{"type":"branch","line":20,"loc":{"start":{"line":20,"column":2},"end":{"line":32,"column":3}},"locations":[{"start":{"line":20,"column":2},"end":{"line":32,"column":3}}]},"2":{"type":"branch","line":22,"loc":{"start":{"line":22,"column":58},"end":{"line":31,"column":5}},"locations":[{"start":{"line":22,"column":58},"end":{"line":31,"column":5}}]},"3":{"type":"branch","line":34,"loc":{"start":{"line":34,"column":2},"end":{"line":61,"column":3}},"locations":[{"start":{"line":34,"column":2},"end":{"line":61,"column":3}}]},"4":{"type":"branch","line":40,"loc":{"start":{"line":40,"column":6},"end":{"line":60,"column":5}},"locations":[{"start":{"line":40,"column":6},"end":{"line":60,"column":5}}]},"5":{"type":"branch","line":40,"loc":{"start":{"line":40,"column":6},"end":{"line":41,"column":24}},"locations":[{"start":{"line":40,"column":6},"end":{"line":41,"column":24}}]},"6":{"type":"branch","line":41,"loc":{"start":{"line":41,"column":24},"end":{"line":48,"column":7}},"locations":[{"start":{"line":41,"column":24},"end":{"line":48,"column":7}}]},"7":{"type":"branch","line":48,"loc":{"start":{"line":48,"column":6},"end":{"line":53,"column":13}},"locations":[{"start":{"line":48,"column":6},"end":{"line":53,"column":13}}]},"8":{"type":"branch","line":53,"loc":{"start":{"line":53,"column":4},"end":{"line":60,"column":5}},"locations":[{"start":{"line":53,"column":4},"end":{"line":60,"column":5}}]}},"b":{"0":[20],"1":[2],"2":[0],"3":[3],"4":[2],"5":[1],"6":[0],"7":[1],"8":[0]},"fnMap":{"0":{"name":"<instance_members_initializer>","decl":{"start":{"line":15,"column":7},"end":{"line":62,"column":1}},"loc":{"start":{"line":15,"column":7},"end":{"line":62,"column":1}},"line":15},"1":{"name":"getProductById","decl":{"start":{"line":20,"column":2},"end":{"line":32,"column":3}},"loc":{"start":{"line":20,"column":2},"end":{"line":32,"column":3}},"line":20},"2":{"name":"search","decl":{"start":{"line":34,"column":2},"end":{"line":61,"column":3}},"loc":{"start":{"line":34,"column":2},"end":{"line":61,"column":3}},"line":34}},"f":{"0":20,"1":2,"2":3}}
,"D:\\GitHub\\rsschool-components\\src\\components\\Card\\Card.tsx": {"path":"D:\\GitHub\\rsschool-components\\src\\components\\Card\\Card.tsx","all":false,"statementMap":{"0":{"start":{"line":1,"column":0},"end":{"line":1,"column":59}},"1":{"start":{"line":2,"column":0},"end":{"line":2,"column":0}},"2":{"start":{"line":3,"column":0},"end":{"line":3,"column":22}},"3":{"start":{"line":4,"column":0},"end":{"line":4,"column":20}},"4":{"start":{"line":5,"column":0},"end":{"line":5,"column":1}},"5":{"start":{"line":6,"column":0},"end":{"line":6,"column":0}},"6":{"start":{"line":7,"column":0},"end":{"line":7,"column":47}},"7":{"start":{"line":8,"column":0},"end":{"line":8,"column":10}},"8":{"start":{"line":9,"column":0},"end":{"line":9,"column":26}},"9":{"start":{"line":10,"column":0},"end":{"line":10,"column":30}},"10":{"start":{"line":11,"column":0},"end":{"line":11,"column":57}},"11":{"start":{"line":12,"column":0},"end":{"line":12,"column":58}},"12":{"start":{"line":13,"column":0},"end":{"line":13,"column":61}},"13":{"start":{"line":14,"column":0},"end":{"line":14,"column":10}},"14":{"start":{"line":15,"column":0},"end":{"line":15,"column":4}},"15":{"start":{"line":16,"column":0},"end":{"line":16,"column":1}}},"s":{"0":1,"1":1,"2":1,"3":1,"4":1,"5":1,"6":1,"7":3,"8":3,"9":3,"10":3,"11":3,"12":3,"13":3,"14":3,"15":3},"branchMap":{"0":{"type":"branch","line":7,"loc":{"start":{"line":7,"column":7},"end":{"line":16,"column":1}},"locations":[{"start":{"line":7,"column":7},"end":{"line":16,"column":1}}]}},"b":{"0":[3]},"fnMap":{"0":{"name":"Card","decl":{"start":{"line":7,"column":7},"end":{"line":16,"column":1}},"loc":{"start":{"line":7,"column":7},"end":{"line":16,"column":1}},"line":7}},"f":{"0":3}}
,"D:\\GitHub\\rsschool-components\\src\\components\\Card\\index.ts": {"path":"D:\\GitHub\\rsschool-components\\src\\components\\Card\\index.ts","all":false,"statementMap":{"0":{"start":{"line":1,"column":0},"end":{"line":1,"column":23}}},"s":{"0":1},"branchMap":{},"b":{},"fnMap":{},"f":{}}
,"D:\\GitHub\\rsschool-components\\src\\components\\Content\\Content.tsx": {"path":"D:\\GitHub\\rsschool-components\\src\\components\\Content\\Content.tsx","all":false,"statementMap":{"0":{"start":{"line":1,"column":0},"end":{"line":1,"column":42}},"1":{"start":{"line":2,"column":0},"end":{"line":2,"column":45}},"2":{"start":{"line":3,"column":0},"end":{"line":3,"column":43}},"3":{"start":{"line":4,"column":0},"end":{"line":4,"column":0}},"4":{"start":{"line":5,"column":0},"end":{"line":5,"column":27}},"5":{"start":{"line":6,"column":0},"end":{"line":6,"column":10}},"6":{"start":{"line":7,"column":0},"end":{"line":7,"column":29}},"7":{"start":{"line":8,"column":0},"end":{"line":8,"column":43}},"8":{"start":{"line":9,"column":0},"end":{"line":9,"column":23}},"9":{"start":{"line":10,"column":0},"end":{"line":10,"column":22}},"10":{"start":{"line":11,"column":0},"end":{"line":11,"column":12}},"11":{"start":{"line":12,"column":0},"end":{"line":12,"column":16}},"12":{"start":{"line":13,"column":0},"end":{"line":13,"column":10}},"13":{"start":{"line":14,"column":0},"end":{"line":14,"column":4}},"14":{"start":{"line":15,"column":0},"end":{"line":15,"column":1}}},"s":{"0":1,"1":1,"2":1,"3":1,"4":1,"5":3,"6":3,"7":3,"8":3,"9":3,"10":3,"11":3,"12":3,"13":3,"14":3},"branchMap":{"0":{"type":"branch","line":5,"loc":{"start":{"line":5,"column":7},"end":{"line":15,"column":1}},"locations":[{"start":{"line":5,"column":7},"end":{"line":15,"column":1}}]}},"b":{"0":[3]},"fnMap":{"0":{"name":"Content","decl":{"start":{"line":5,"column":7},"end":{"line":15,"column":1}},"loc":{"start":{"line":5,"column":7},"end":{"line":15,"column":1}},"line":5}},"f":{"0":3}}
,"D:\\GitHub\\rsschool-components\\src\\components\\Content\\index.ts": {"path":"D:\\GitHub\\rsschool-components\\src\\components\\Content\\index.ts","all":false,"statementMap":{"0":{"start":{"line":1,"column":0},"end":{"line":1,"column":26}}},"s":{"0":1},"branchMap":{},"b":{},"fnMap":{},"f":{}}
,"D:\\GitHub\\rsschool-components\\src\\components\\ErrorButton\\ErrorButton.tsx": {"path":"D:\\GitHub\\rsschool-components\\src\\components\\ErrorButton\\ErrorButton.tsx","all":false,"statementMap":{"0":{"start":{"line":1,"column":0},"end":{"line":1,"column":44}},"1":{"start":{"line":2,"column":0},"end":{"line":2,"column":27}},"2":{"start":{"line":3,"column":0},"end":{"line":3,"column":0}},"3":{"start":{"line":4,"column":0},"end":{"line":4,"column":31}},"4":{"start":{"line":5,"column":0},"end":{"line":5,"column":59}},"5":{"start":{"line":6,"column":0},"end":{"line":6,"column":29}},"6":{"start":{"line":7,"column":0},"end":{"line":7,"column":22}},"7":{"start":{"line":8,"column":0},"end":{"line":8,"column":4}},"8":{"start":{"line":9,"column":0},"end":{"line":9,"column":0}},"9":{"start":{"line":10,"column":0},"end":{"line":10,"column":19}},"10":{"start":{"line":11,"column":0},"end":{"line":11,"column":19}},"11":{"start":{"line":12,"column":0},"end":{"line":12,"column":36}},"12":{"start":{"line":13,"column":0},"end":{"line":13,"column":5}},"13":{"start":{"line":14,"column":0},"end":{"line":14,"column":17}},"14":{"start":{"line":15,"column":0},"end":{"line":15,"column":0}},"15":{"start":{"line":16,"column":0},"end":{"line":16,"column":10}},"16":{"start":{"line":17,"column":0},"end":{"line":17,"column":73}},"17":{"start":{"line":18,"column":0},"end":{"line":18,"column":17}},"18":{"start":{"line":19,"column":0},"end":{"line":19,"column":13}},"19":{"start":{"line":20,"column":0},"end":{"line":20,"column":4}},"20":{"start":{"line":21,"column":0},"end":{"line":21,"column":1}}},"s":{"0":1,"1":1,"2":1,"3":1,"4":8,"5":8,"6":0,"7":0,"8":8,"9":8,"10":3,"11":0,"12":0,"13":8,"14":8,"15":8,"16":8,"17":8,"18":8,"19":8,"20":8},"branchMap":{"0":{"type":"branch","line":4,"loc":{"start":{"line":4,"column":7},"end":{"line":21,"column":1}},"locations":[{"start":{"line":4,"column":7},"end":{"line":21,"column":1}}]},"1":{"type":"branch","line":10,"loc":{"start":{"line":10,"column":12},"end":{"line":14,"column":5}},"locations":[{"start":{"line":10,"column":12},"end":{"line":14,"column":5}}]},"2":{"type":"branch","line":11,"loc":{"start":{"line":11,"column":18},"end":{"line":13,"column":5}},"locations":[{"start":{"line":11,"column":18},"end":{"line":13,"column":5}}]}},"b":{"0":[8],"1":[3],"2":[0]},"fnMap":{"0":{"name":"ErrorButton","decl":{"start":{"line":4,"column":7},"end":{"line":21,"column":1}},"loc":{"start":{"line":4,"column":7},"end":{"line":21,"column":1}},"line":4},"1":{"name":"handleClick","decl":{"start":{"line":6,"column":22},"end":{"line":8,"column":4}},"loc":{"start":{"line":6,"column":22},"end":{"line":8,"column":4}},"line":6}},"f":{"0":8,"1":0}}
,"D:\\GitHub\\rsschool-components\\src\\components\\ErrorButton\\index.ts": {"path":"D:\\GitHub\\rsschool-components\\src\\components\\ErrorButton\\index.ts","all":false,"statementMap":{"0":{"start":{"line":1,"column":0},"end":{"line":1,"column":30}}},"s":{"0":1},"branchMap":{},"b":{},"fnMap":{},"f":{}}
,"D:\\GitHub\\rsschool-components\\src\\components\\Heading\\Heading.tsx": {"path":"D:\\GitHub\\rsschool-components\\src\\components\\Heading\\Heading.tsx","all":false,"statementMap":{"0":{"start":{"line":1,"column":0},"end":{"line":1,"column":23}},"1":{"start":{"line":2,"column":0},"end":{"line":2,"column":0}},"2":{"start":{"line":3,"column":0},"end":{"line":3,"column":27}},"3":{"start":{"line":4,"column":0},"end":{"line":4,"column":53}},"4":{"start":{"line":5,"column":0},"end":{"line":5,"column":1}}},"s":{"0":1,"1":1,"2":1,"3":1,"4":1},"branchMap":{"0":{"type":"branch","line":3,"loc":{"start":{"line":3,"column":7},"end":{"line":5,"column":1}},"locations":[{"start":{"line":3,"column":7},"end":{"line":5,"column":1}}]}},"b":{"0":[1]},"fnMap":{"0":{"name":"Heading","decl":{"start":{"line":3,"column":7},"end":{"line":5,"column":1}},"loc":{"start":{"line":3,"column":7},"end":{"line":5,"column":1}},"line":3}},"f":{"0":1}}
,"D:\\GitHub\\rsschool-components\\src\\components\\Heading\\index.ts": {"path":"D:\\GitHub\\rsschool-components\\src\\components\\Heading\\index.ts","all":false,"statementMap":{"0":{"start":{"line":1,"column":0},"end":{"line":1,"column":26}}},"s":{"0":1},"branchMap":{},"b":{},"fnMap":{},"f":{}}
,"D:\\GitHub\\rsschool-components\\src\\components\\Loader\\Loader.tsx": {"path":"D:\\GitHub\\rsschool-components\\src\\components\\Loader\\Loader.tsx","all":false,"statementMap":{"0":{"start":{"line":1,"column":0},"end":{"line":1,"column":22}},"1":{"start":{"line":2,"column":0},"end":{"line":2,"column":0}},"2":{"start":{"line":3,"column":0},"end":{"line":3,"column":26}},"3":{"start":{"line":4,"column":0},"end":{"line":4,"column":46}},"4":{"start":{"line":5,"column":0},"end":{"line":5,"column":1}}},"s":{"0":1,"1":1,"2":1,"3":10,"4":10},"branchMap":{"0":{"type":"branch","line":3,"loc":{"start":{"line":3,"column":7},"end":{"line":5,"column":1}},"locations":[{"start":{"line":3,"column":7},"end":{"line":5,"column":1}}]}},"b":{"0":[10]},"fnMap":{"0":{"name":"Loader","decl":{"start":{"line":3,"column":7},"end":{"line":5,"column":1}},"loc":{"start":{"line":3,"column":7},"end":{"line":5,"column":1}},"line":3}},"f":{"0":10}}
,"D:\\GitHub\\rsschool-components\\src\\components\\Loader\\index.ts": {"path":"D:\\GitHub\\rsschool-components\\src\\components\\Loader\\index.ts","all":false,"statementMap":{"0":{"start":{"line":1,"column":0},"end":{"line":1,"column":25}}},"s":{"0":1},"branchMap":{},"b":{},"fnMap":{},"f":{}}
,"D:\\GitHub\\rsschool-components\\src\\components\\Pagination\\Pagination.tsx": {"path":"D:\\GitHub\\rsschool-components\\src\\components\\Pagination\\Pagination.tsx","all":false,"statementMap":{"0":{"start":{"line":1,"column":0},"end":{"line":1,"column":8}},"1":{"start":{"line":2,"column":0},"end":{"line":2,"column":14}},"2":{"start":{"line":3,"column":0},"end":{"line":3,"column":13}},"3":{"start":{"line":4,"column":0},"end":{"line":4,"column":13}},"4":{"start":{"line":5,"column":0},"end":{"line":5,"column":12}},"5":{"start":{"line":6,"column":0},"end":{"line":6,"column":11}},"6":{"start":{"line":7,"column":0},"end":{"line":7,"column":15}},"7":{"start":{"line":8,"column":0},"end":{"line":8,"column":26}},"8":{"start":{"line":9,"column":0},"end":{"line":9,"column":47}},"9":{"start":{"line":10,"column":0},"end":{"line":10,"column":90}},"10":{"start":{"line":11,"column":0},"end":{"line":11,"column":60}},"11":{"start":{"line":12,"column":0},"end":{"line":12,"column":64}},"12":{"start":{"line":13,"column":0},"end":{"line":13,"column":0}},"13":{"start":{"line":14,"column":0},"end":{"line":14,"column":30}},"14":{"start":{"line":15,"column":0},"end":{"line":15,"column":33}},"15":{"start":{"line":16,"column":0},"end":{"line":16,"column":71}},"16":{"start":{"line":17,"column":0},"end":{"line":17,"column":62}},"17":{"start":{"line":18,"column":0},"end":{"line":18,"column":63}},"18":{"start":{"line":19,"column":0},"end":{"line":19,"column":0}},"19":{"start":{"line":20,"column":0},"end":{"line":20,"column":67}},"20":{"start":{"line":21,"column":0},"end":{"line":21,"column":54}},"21":{"start":{"line":22,"column":0},"end":{"line":22,"column":41}},"22":{"start":{"line":23,"column":0},"end":{"line":23,"column":15}},"23":{"start":{"line":24,"column":0},"end":{"line":24,"column":4}},"24":{"start":{"line":25,"column":0},"end":{"line":25,"column":0}},"25":{"start":{"line":26,"column":0},"end":{"line":26,"column":65}},"26":{"start":{"line":27,"column":0},"end":{"line":27,"column":8}},"27":{"start":{"line":28,"column":0},"end":{"line":28,"column":79}},"28":{"start":{"line":29,"column":0},"end":{"line":29,"column":7}},"29":{"start":{"line":30,"column":0},"end":{"line":30,"column":35}},"30":{"start":{"line":31,"column":0},"end":{"line":31,"column":26}},"31":{"start":{"line":32,"column":0},"end":{"line":32,"column":7}},"32":{"start":{"line":33,"column":0},"end":{"line":33,"column":26}},"33":{"start":{"line":34,"column":0},"end":{"line":34,"column":24}},"34":{"start":{"line":35,"column":0},"end":{"line":35,"column":5}},"35":{"start":{"line":36,"column":0},"end":{"line":36,"column":4}},"36":{"start":{"line":37,"column":0},"end":{"line":37,"column":0}},"37":{"start":{"line":38,"column":0},"end":{"line":38,"column":19}},"38":{"start":{"line":39,"column":0},"end":{"line":39,"column":56}},"39":{"start":{"line":40,"column":0},"end":{"line":40,"column":17}},"40":{"start":{"line":41,"column":0},"end":{"line":41,"column":0}},"41":{"start":{"line":42,"column":0},"end":{"line":42,"column":10}},"42":{"start":{"line":43,"column":0},"end":{"line":43,"column":32}},"43":{"start":{"line":44,"column":0},"end":{"line":44,"column":24}},"44":{"start":{"line":45,"column":0},"end":{"line":45,"column":10}},"45":{"start":{"line":46,"column":0},"end":{"line":46,"column":17}},"46":{"start":{"line":47,"column":0},"end":{"line":47,"column":33}},"47":{"start":{"line":48,"column":0},"end":{"line":48,"column":33}},"48":{"start":{"line":49,"column":0},"end":{"line":49,"column":25}},"49":{"start":{"line":50,"column":0},"end":{"line":50,"column":23}},"50":{"start":{"line":51,"column":0},"end":{"line":51,"column":60}},"51":{"start":{"line":52,"column":0},"end":{"line":52,"column":11}},"52":{"start":{"line":53,"column":0},"end":{"line":53,"column":16}},"53":{"start":{"line":54,"column":0},"end":{"line":54,"column":19}},"54":{"start":{"line":55,"column":0},"end":{"line":55,"column":47}},"55":{"start":{"line":56,"column":0},"end":{"line":56,"column":17}},"56":{"start":{"line":57,"column":0},"end":{"line":57,"column":33}},"57":{"start":{"line":58,"column":0},"end":{"line":58,"column":33}},"58":{"start":{"line":59,"column":0},"end":{"line":59,"column":25}},"59":{"start":{"line":60,"column":0},"end":{"line":60,"column":23}},"60":{"start":{"line":61,"column":0},"end":{"line":61,"column":60}},"61":{"start":{"line":62,"column":0},"end":{"line":62,"column":11}},"62":{"start":{"line":63,"column":0},"end":{"line":63,"column":16}},"63":{"start":{"line":64,"column":0},"end":{"line":64,"column":19}},"64":{"start":{"line":65,"column":0},"end":{"line":65,"column":51}},"65":{"start":{"line":66,"column":0},"end":{"line":66,"column":18}},"66":{"start":{"line":67,"column":0},"end":{"line":67,"column":19}},"67":{"start":{"line":68,"column":0},"end":{"line":68,"column":26}},"68":{"start":{"line":69,"column":0},"end":{"line":69,"column":24}},"69":{"start":{"line":70,"column":0},"end":{"line":70,"column":34}},"70":{"start":{"line":71,"column":0},"end":{"line":71,"column":37}},"71":{"start":{"line":72,"column":0},"end":{"line":72,"column":13}},"72":{"start":{"line":73,"column":0},"end":{"line":73,"column":44}},"73":{"start":{"line":74,"column":0},"end":{"line":74,"column":44}},"74":{"start":{"line":75,"column":0},"end":{"line":75,"column":44}},"75":{"start":{"line":76,"column":0},"end":{"line":76,"column":21}},"76":{"start":{"line":77,"column":0},"end":{"line":77,"column":18}},"77":{"start":{"line":78,"column":0},"end":{"line":78,"column":11}},"78":{"start":{"line":79,"column":0},"end":{"line":79,"column":8}},"79":{"start":{"line":80,"column":0},"end":{"line":80,"column":10}},"80":{"start":{"line":81,"column":0},"end":{"line":81,"column":4}},"81":{"start":{"line":82,"column":0},"end":{"line":82,"column":1}}},"s":{"0":1,"1":1,"2":1,"3":1,"4":1,"5":1,"6":1,"7":1,"8":1,"9":1,"10":1,"11":1,"12":1,"13":1,"14":18,"15":18,"16":18,"17":18,"18":18,"19":18,"20":0,"21":0,"22":0,"23":0,"24":18,"25":18,"26":3,"27":3,"28":3,"29":2,"30":2,"31":2,"32":3,"33":1,"34":1,"35":3,"36":18,"37":18,"38":10,"39":18,"40":18,"41":18,"42":18,"43":18,"44":7,"45":7,"46":7,"47":7,"48":7,"49":7,"50":7,"51":7,"52":7,"53":7,"54":7,"55":7,"56":7,"57":7,"58":7,"59":7,"60":7,"61":7,"62":7,"63":7,"64":7,"65":7,"66":7,"67":7,"68":7,"69":7,"70":7,"71":7,"72":7,"73":7,"74":7,"75":7,"76":7,"77":7,"78":18,"79":18,"80":18,"81":18},"branchMap":{"0":{"type":"branch","line":14,"loc":{"start":{"line":14,"column":7},"end":{"line":82,"column":1}},"locations":[{"start":{"line":14,"column":7},"end":{"line":82,"column":1}}]},"1":{"type":"branch","line":44,"loc":{"start":{"line":44,"column":7},"end":{"line":78,"column":11}},"locations":[{"start":{"line":44,"column":7},"end":{"line":78,"column":11}}]},"2":{"type":"branch","line":26,"loc":{"start":{"line":26,"column":22},"end":{"line":36,"column":4}},"locations":[{"start":{"line":26,"column":22},"end":{"line":36,"column":4}}]},"3":{"type":"branch","line":29,"loc":{"start":{"line":29,"column":6},"end":{"line":33,"column":15}},"locations":[{"start":{"line":29,"column":6},"end":{"line":33,"column":15}}]},"4":{"type":"branch","line":33,"loc":{"start":{"line":33,"column":4},"end":{"line":35,"column":5}},"locations":[{"start":{"line":33,"column":4},"end":{"line":35,"column":5}}]},"5":{"type":"branch","line":38,"loc":{"start":{"line":38,"column":12},"end":{"line":40,"column":5}},"locations":[{"start":{"line":38,"column":12},"end":{"line":40,"column":5}}]}},"b":{"0":[18],"1":[7],"2":[3],"3":[2],"4":[1],"5":[10]},"fnMap":{"0":{"name":"Pagination","decl":{"start":{"line":14,"column":7},"end":{"line":82,"column":1}},"loc":{"start":{"line":14,"column":7},"end":{"line":82,"column":1}},"line":14},"1":{"name":"handleChange","decl":{"start":{"line":20,"column":23},"end":{"line":24,"column":4}},"loc":{"start":{"line":20,"column":23},"end":{"line":24,"column":4}},"line":20},"2":{"name":"handleClick","decl":{"start":{"line":26,"column":22},"end":{"line":36,"column":4}},"loc":{"start":{"line":26,"column":22},"end":{"line":36,"column":4}},"line":26}},"f":{"0":18,"1":0,"2":3}}
,"D:\\GitHub\\rsschool-components\\src\\components\\Pagination\\index.ts": {"path":"D:\\GitHub\\rsschool-components\\src\\components\\Pagination\\index.ts","all":false,"statementMap":{"0":{"start":{"line":1,"column":0},"end":{"line":1,"column":29}}},"s":{"0":1},"branchMap":{},"b":{},"fnMap":{},"f":{}}
,"D:\\GitHub\\rsschool-components\\src\\components\\ResultsList\\ResultsList.tsx": {"path":"D:\\GitHub\\rsschool-components\\src\\components\\ResultsList\\ResultsList.tsx","all":false,"statementMap":{"0":{"start":{"line":1,"column":0},"end":{"line":1,"column":35}},"1":{"start":{"line":2,"column":0},"end":{"line":2,"column":27}},"2":{"start":{"line":3,"column":0},"end":{"line":3,"column":42}},"3":{"start":{"line":4,"column":0},"end":{"line":4,"column":64}},"4":{"start":{"line":5,"column":0},"end":{"line":5,"column":35}},"5":{"start":{"line":6,"column":0},"end":{"line":6,"column":0}},"6":{"start":{"line":7,"column":0},"end":{"line":7,"column":31}},"7":{"start":{"line":8,"column":0},"end":{"line":8,"column":62}},"8":{"start":{"line":9,"column":0},"end":{"line":9,"column":0}},"9":{"start":{"line":10,"column":0},"end":{"line":10,"column":30}},"10":{"start":{"line":11,"column":0},"end":{"line":11,"column":33}},"11":{"start":{"line":12,"column":0},"end":{"line":12,"column":3}},"12":{"start":{"line":13,"column":0},"end":{"line":13,"column":0}},"13":{"start":{"line":14,"column":0},"end":{"line":14,"column":10}},"14":{"start":{"line":15,"column":0},"end":{"line":15,"column":9}},"15":{"start":{"line":16,"column":0},"end":{"line":16,"column":20}},"16":{"start":{"line":17,"column":0},"end":{"line":17,"column":18}},"17":{"start":{"line":18,"column":0},"end":{"line":18,"column":11}},"18":{"start":{"line":19,"column":0},"end":{"line":19,"column":29}},"19":{"start":{"line":20,"column":0},"end":{"line":20,"column":35}},"20":{"start":{"line":21,"column":0},"end":{"line":21,"column":72}},"21":{"start":{"line":22,"column":0},"end":{"line":22,"column":13}},"22":{"start":{"line":23,"column":0},"end":{"line":23,"column":13}},"23":{"start":{"line":24,"column":0},"end":{"line":24,"column":8}},"24":{"start":{"line":25,"column":0},"end":{"line":25,"column":10}},"25":{"start":{"line":26,"column":0},"end":{"line":26,"column":4}},"26":{"start":{"line":27,"column":0},"end":{"line":27,"column":1}}},"s":{"0":1,"1":1,"2":1,"3":1,"4":1,"5":1,"6":1,"7":7,"8":7,"9":7,"10":4,"11":4,"12":3,"13":3,"14":3,"15":3,"16":0,"17":3,"18":3,"19":3,"20":12,"21":3,"22":3,"23":7,"24":7,"25":7,"26":7},"branchMap":{"0":{"type":"branch","line":7,"loc":{"start":{"line":7,"column":7},"end":{"line":27,"column":1}},"locations":[{"start":{"line":7,"column":7},"end":{"line":27,"column":1}}]},"1":{"type":"branch","line":10,"loc":{"start":{"line":10,"column":29},"end":{"line":12,"column":3}},"locations":[{"start":{"line":10,"column":29},"end":{"line":12,"column":3}}]},"2":{"type":"branch","line":12,"loc":{"start":{"line":12,"column":2},"end":{"line":17,"column":18}},"locations":[{"start":{"line":12,"column":2},"end":{"line":17,"column":18}}]},"3":{"type":"branch","line":12,"loc":{"start":{"line":12,"column":2},"end":{"line":16,"column":20}},"locations":[{"start":{"line":12,"column":2},"end":{"line":16,"column":20}}]},"4":{"type":"branch","line":16,"loc":{"start":{"line":16,"column":7},"end":{"line":17,"column":18}},"locations":[{"start":{"line":16,"column":7},"end":{"line":17,"column":18}}]},"5":{"type":"branch","line":17,"loc":{"start":{"line":17,"column":16},"end":{"line":23,"column":13}},"locations":[{"start":{"line":17,"column":16},"end":{"line":23,"column":13}}]},"6":{"type":"branch","line":20,"loc":{"start":{"line":20,"column":24},"end":{"line":21,"column":72}},"locations":[{"start":{"line":20,"column":24},"end":{"line":21,"column":72}}]}},"b":{"0":[7],"1":[4],"2":[5],"3":[3],"4":[0],"5":[3],"6":[12]},"fnMap":{"0":{"name":"ResultsList","decl":{"start":{"line":7,"column":7},"end":{"line":27,"column":1}},"loc":{"start":{"line":7,"column":7},"end":{"line":27,"column":1}},"line":7}},"f":{"0":7}}
,"D:\\GitHub\\rsschool-components\\src\\components\\ResultsList\\index.ts": {"path":"D:\\GitHub\\rsschool-components\\src\\components\\ResultsList\\index.ts","all":false,"statementMap":{"0":{"start":{"line":1,"column":0},"end":{"line":1,"column":30}}},"s":{"0":1},"branchMap":{},"b":{},"fnMap":{},"f":{}}
,"D:\\GitHub\\rsschool-components\\src\\components\\ResultsList\\ResultItem\\ResultItem.tsx": {"path":"D:\\GitHub\\rsschool-components\\src\\components\\ResultsList\\ResultItem\\ResultItem.tsx","all":false,"statementMap":{"0":{"start":{"line":1,"column":0},"end":{"line":1,"column":26}},"1":{"start":{"line":2,"column":0},"end":{"line":2,"column":53}},"2":{"start":{"line":3,"column":0},"end":{"line":3,"column":0}},"3":{"start":{"line":4,"column":0},"end":{"line":4,"column":25}},"4":{"start":{"line":5,"column":0},"end":{"line":5,"column":13}},"5":{"start":{"line":6,"column":0},"end":{"line":6,"column":16}},"6":{"start":{"line":7,"column":0},"end":{"line":7,"column":2}},"7":{"start":{"line":8,"column":0},"end":{"line":8,"column":0}},"8":{"start":{"line":9,"column":0},"end":{"line":9,"column":61}},"9":{"start":{"line":10,"column":0},"end":{"line":10,"column":35}},"10":{"start":{"line":11,"column":0},"end":{"line":11,"column":0}},"11":{"start":{"line":12,"column":0},"end":{"line":12,"column":10}},"12":{"start":{"line":13,"column":0},"end":{"line":13,"column":25}},"13":{"start":{"line":14,"column":0},"end":{"line":14,"column":68}},"14":{"start":{"line":15,"column":0},"end":{"line":15,"column":49}},"15":{"start":{"line":16,"column":0},"end":{"line":16,"column":13}},"16":{"start":{"line":17,"column":0},"end":{"line":17,"column":9}},"17":{"start":{"line":18,"column":0},"end":{"line":18,"column":4}},"18":{"start":{"line":19,"column":0},"end":{"line":19,"column":1}}},"s":{"0":1,"1":1,"2":1,"3":1,"4":1,"5":1,"6":1,"7":1,"8":1,"9":17,"10":17,"11":17,"12":17,"13":17,"14":17,"15":17,"16":17,"17":17,"18":17},"branchMap":{"0":{"type":"branch","line":9,"loc":{"start":{"line":9,"column":7},"end":{"line":19,"column":1}},"locations":[{"start":{"line":9,"column":7},"end":{"line":19,"column":1}}]}},"b":{"0":[17]},"fnMap":{"0":{"name":"ResultItem","decl":{"start":{"line":9,"column":7},"end":{"line":19,"column":1}},"loc":{"start":{"line":9,"column":7},"end":{"line":19,"column":1}},"line":9}},"f":{"0":17}}
,"D:\\GitHub\\rsschool-components\\src\\components\\ResultsList\\ResultItem\\index.ts": {"path":"D:\\GitHub\\rsschool-components\\src\\components\\ResultsList\\ResultItem\\index.ts","all":false,"statementMap":{"0":{"start":{"line":1,"column":0},"end":{"line":1,"column":29}}},"s":{"0":1},"branchMap":{},"b":{},"fnMap":{},"f":{}}
,"D:\\GitHub\\rsschool-components\\src\\components\\SearchForm\\SearchForm.tsx": {"path":"D:\\GitHub\\rsschool-components\\src\\components\\SearchForm\\SearchForm.tsx","all":false,"statementMap":{"0":{"start":{"line":1,"column":0},"end":{"line":1,"column":69}},"1":{"start":{"line":2,"column":0},"end":{"line":2,"column":26}},"2":{"start":{"line":3,"column":0},"end":{"line":3,"column":51}},"3":{"start":{"line":4,"column":0},"end":{"line":4,"column":45}},"4":{"start":{"line":5,"column":0},"end":{"line":5,"column":60}},"5":{"start":{"line":6,"column":0},"end":{"line":6,"column":0}},"6":{"start":{"line":7,"column":0},"end":{"line":7,"column":30}},"7":{"start":{"line":8,"column":0},"end":{"line":8,"column":67}},"8":{"start":{"line":9,"column":0},"end":{"line":9,"column":53}},"9":{"start":{"line":10,"column":0},"end":{"line":10,"column":48}},"10":{"start":{"line":11,"column":0},"end":{"line":11,"column":0}},"11":{"start":{"line":12,"column":0},"end":{"line":12,"column":66}},"12":{"start":{"line":13,"column":0},"end":{"line":13,"column":33}},"13":{"start":{"line":14,"column":0},"end":{"line":14,"column":4}},"14":{"start":{"line":15,"column":0},"end":{"line":15,"column":0}},"15":{"start":{"line":16,"column":0},"end":{"line":16,"column":63}},"16":{"start":{"line":17,"column":0},"end":{"line":17,"column":27}},"17":{"start":{"line":18,"column":0},"end":{"line":18,"column":0}},"18":{"start":{"line":19,"column":0},"end":{"line":19,"column":42}},"19":{"start":{"line":20,"column":0},"end":{"line":20,"column":0}},"20":{"start":{"line":21,"column":0},"end":{"line":21,"column":21}},"21":{"start":{"line":22,"column":0},"end":{"line":22,"column":15}},"22":{"start":{"line":23,"column":0},"end":{"line":23,"column":24}},"23":{"start":{"line":24,"column":0},"end":{"line":24,"column":4}},"24":{"start":{"line":25,"column":0},"end":{"line":25,"column":0}},"25":{"start":{"line":26,"column":0},"end":{"line":26,"column":10}},"26":{"start":{"line":27,"column":0},"end":{"line":27,"column":51}},"27":{"start":{"line":28,"column":0},"end":{"line":28,"column":48}},"28":{"start":{"line":29,"column":0},"end":{"line":29,"column":14}},"29":{"start":{"line":30,"column":0},"end":{"line":30,"column":27}},"30":{"start":{"line":31,"column":0},"end":{"line":31,"column":21}},"31":{"start":{"line":32,"column":0},"end":{"line":32,"column":21}},"32":{"start":{"line":33,"column":0},"end":{"line":33,"column":23}},"33":{"start":{"line":34,"column":0},"end":{"line":34,"column":23}},"34":{"start":{"line":35,"column":0},"end":{"line":35,"column":33}},"35":{"start":{"line":36,"column":0},"end":{"line":36,"column":49}},"36":{"start":{"line":37,"column":0},"end":{"line":37,"column":10}},"37":{"start":{"line":38,"column":0},"end":{"line":38,"column":14}},"38":{"start":{"line":39,"column":0},"end":{"line":39,"column":43}},"39":{"start":{"line":40,"column":0},"end":{"line":40,"column":21}},"40":{"start":{"line":41,"column":0},"end":{"line":41,"column":11}},"41":{"start":{"line":42,"column":0},"end":{"line":42,"column":4}},"42":{"start":{"line":43,"column":0},"end":{"line":43,"column":1}}},"s":{"0":1,"1":1,"2":1,"3":1,"4":1,"5":1,"6":1,"7":8,"8":8,"9":8,"10":8,"11":8,"12":1,"13":1,"14":8,"15":8,"16":1,"17":1,"18":1,"19":1,"20":1,"21":1,"22":1,"23":1,"24":8,"25":8,"26":8,"27":8,"28":8,"29":8,"30":8,"31":8,"32":8,"33":8,"34":8,"35":8,"36":8,"37":8,"38":8,"39":8,"40":8,"41":8,"42":8},"branchMap":{"0":{"type":"branch","line":7,"loc":{"start":{"line":7,"column":7},"end":{"line":43,"column":1}},"locations":[{"start":{"line":7,"column":7},"end":{"line":43,"column":1}}]},"1":{"type":"branch","line":12,"loc":{"start":{"line":12,"column":23},"end":{"line":14,"column":4}},"locations":[{"start":{"line":12,"column":23},"end":{"line":14,"column":4}}]},"2":{"type":"branch","line":16,"loc":{"start":{"line":16,"column":23},"end":{"line":24,"column":4}},"locations":[{"start":{"line":16,"column":23},"end":{"line":24,"column":4}}]}},"b":{"0":[8],"1":[1],"2":[1]},"fnMap":{"0":{"name":"SearchForm","decl":{"start":{"line":7,"column":7},"end":{"line":43,"column":1}},"loc":{"start":{"line":7,"column":7},"end":{"line":43,"column":1}},"line":7},"1":{"name":"handleChange","decl":{"start":{"line":12,"column":23},"end":{"line":14,"column":4}},"loc":{"start":{"line":12,"column":23},"end":{"line":14,"column":4}},"line":12},"2":{"name":"handleSubmit","decl":{"start":{"line":16,"column":23},"end":{"line":24,"column":4}},"loc":{"start":{"line":16,"column":23},"end":{"line":24,"column":4}},"line":16}},"f":{"0":8,"1":1,"2":1}}
,"D:\\GitHub\\rsschool-components\\src\\components\\SearchForm\\index.ts": {"path":"D:\\GitHub\\rsschool-components\\src\\components\\SearchForm\\index.ts","all":false,"statementMap":{"0":{"start":{"line":1,"column":0},"end":{"line":1,"column":29}}},"s":{"0":1},"branchMap":{},"b":{},"fnMap":{},"f":{}}
,"D:\\GitHub\\rsschool-components\\src\\context\\productsContext.tsx": {"path":"D:\\GitHub\\rsschool-components\\src\\context\\productsContext.tsx","all":false,"statementMap":{"0":{"start":{"line":1,"column":0},"end":{"line":1,"column":70}},"1":{"start":{"line":2,"column":0},"end":{"line":2,"column":56}},"2":{"start":{"line":3,"column":0},"end":{"line":3,"column":59}},"3":{"start":{"line":4,"column":0},"end":{"line":4,"column":48}},"4":{"start":{"line":5,"column":0},"end":{"line":5,"column":0}},"5":{"start":{"line":6,"column":0},"end":{"line":6,"column":39}},"6":{"start":{"line":7,"column":0},"end":{"line":7,"column":23}},"7":{"start":{"line":8,"column":0},"end":{"line":8,"column":21}},"8":{"start":{"line":9,"column":0},"end":{"line":9,"column":24}},"9":{"start":{"line":10,"column":0},"end":{"line":10,"column":16}},"10":{"start":{"line":11,"column":0},"end":{"line":11,"column":1}},"11":{"start":{"line":12,"column":0},"end":{"line":12,"column":0}},"12":{"start":{"line":13,"column":0},"end":{"line":13,"column":68}},"13":{"start":{"line":14,"column":0},"end":{"line":14,"column":15}},"14":{"start":{"line":15,"column":0},"end":{"line":15,"column":19}},"15":{"start":{"line":16,"column":0},"end":{"line":16,"column":22}},"16":{"start":{"line":17,"column":0},"end":{"line":17,"column":11}},"17":{"start":{"line":18,"column":0},"end":{"line":18,"column":3}},"18":{"start":{"line":19,"column":0},"end":{"line":19,"column":0}},"19":{"start":{"line":20,"column":0},"end":{"line":20,"column":44}},"20":{"start":{"line":21,"column":0},"end":{"line":21,"column":11}},"21":{"start":{"line":22,"column":0},"end":{"line":22,"column":4}},"22":{"start":{"line":23,"column":0},"end":{"line":23,"column":22}},"23":{"start":{"line":24,"column":0},"end":{"line":24,"column":4}},"24":{"start":{"line":25,"column":0},"end":{"line":25,"column":60}},"25":{"start":{"line":26,"column":0},"end":{"line":26,"column":71}},"26":{"start":{"line":27,"column":0},"end":{"line":27,"column":11}},"27":{"start":{"line":28,"column":0},"end":{"line":28,"column":9}},"28":{"start":{"line":29,"column":0},"end":{"line":29,"column":9}},"29":{"start":{"line":30,"column":0},"end":{"line":30,"column":4}},"30":{"start":{"line":31,"column":0},"end":{"line":31,"column":0}},"31":{"start":{"line":32,"column":0},"end":{"line":32,"column":40}},"32":{"start":{"line":33,"column":0},"end":{"line":33,"column":57}},"33":{"start":{"line":34,"column":0},"end":{"line":34,"column":25}},"34":{"start":{"line":35,"column":0},"end":{"line":35,"column":4}},"35":{"start":{"line":36,"column":0},"end":{"line":36,"column":0}},"36":{"start":{"line":37,"column":0},"end":{"line":37,"column":10}},"37":{"start":{"line":38,"column":0},"end":{"line":38,"column":60}},"38":{"start":{"line":39,"column":0},"end":{"line":39,"column":16}},"39":{"start":{"line":40,"column":0},"end":{"line":40,"column":31}},"40":{"start":{"line":41,"column":0},"end":{"line":41,"column":4}},"41":{"start":{"line":42,"column":0},"end":{"line":42,"column":1}}},"s":{"0":1,"1":1,"2":1,"3":1,"4":1,"5":1,"6":1,"7":1,"8":1,"9":1,"10":1,"11":1,"12":1,"13":1,"14":1,"15":1,"16":1,"17":1,"18":1,"19":1,"20":6,"21":6,"22":6,"23":6,"24":6,"25":6,"26":6,"27":6,"28":6,"29":6,"30":6,"31":6,"32":6,"33":6,"34":6,"35":6,"36":6,"37":6,"38":6,"39":6,"40":6,"41":6},"branchMap":{"0":{"type":"branch","line":20,"loc":{"start":{"line":20,"column":7},"end":{"line":42,"column":1}},"locations":[{"start":{"line":20,"column":7},"end":{"line":42,"column":1}}]},"1":{"type":"branch","line":33,"loc":{"start":{"line":33,"column":4},"end":{"line":33,"column":57}},"locations":[{"start":{"line":33,"column":4},"end":{"line":33,"column":57}}]}},"b":{"0":[6],"1":[4]},"fnMap":{"0":{"name":"UseProductsContextProvider","decl":{"start":{"line":20,"column":7},"end":{"line":42,"column":1}},"loc":{"start":{"line":20,"column":7},"end":{"line":42,"column":1}},"line":20}},"f":{"0":6}}
,"D:\\GitHub\\rsschool-components\\src\\context\\searchContext.tsx": {"path":"D:\\GitHub\\rsschool-components\\src\\context\\searchContext.tsx","all":false,"statementMap":{"0":{"start":{"line":1,"column":0},"end":{"line":1,"column":79}},"1":{"start":{"line":2,"column":0},"end":{"line":2,"column":51}},"2":{"start":{"line":3,"column":0},"end":{"line":3,"column":0}},"3":{"start":{"line":4,"column":0},"end":{"line":4,"column":37}},"4":{"start":{"line":5,"column":0},"end":{"line":5,"column":17}},"5":{"start":{"line":6,"column":0},"end":{"line":6,"column":15}},"6":{"start":{"line":7,"column":0},"end":{"line":7,"column":16}},"7":{"start":{"line":8,"column":0},"end":{"line":8,"column":36}},"8":{"start":{"line":9,"column":0},"end":{"line":9,"column":34}},"9":{"start":{"line":10,"column":0},"end":{"line":10,"column":35}},"10":{"start":{"line":11,"column":0},"end":{"line":11,"column":1}},"11":{"start":{"line":12,"column":0},"end":{"line":12,"column":0}},"12":{"start":{"line":13,"column":0},"end":{"line":13,"column":64}},"13":{"start":{"line":14,"column":0},"end":{"line":14,"column":13}},"14":{"start":{"line":15,"column":0},"end":{"line":15,"column":10}},"15":{"start":{"line":16,"column":0},"end":{"line":16,"column":12}},"16":{"start":{"line":17,"column":0},"end":{"line":17,"column":22}},"17":{"start":{"line":18,"column":0},"end":{"line":18,"column":20}},"18":{"start":{"line":19,"column":0},"end":{"line":19,"column":21}},"19":{"start":{"line":20,"column":0},"end":{"line":20,"column":3}},"20":{"start":{"line":21,"column":0},"end":{"line":21,"column":0}},"21":{"start":{"line":22,"column":0},"end":{"line":22,"column":42}},"22":{"start":{"line":23,"column":0},"end":{"line":23,"column":11}},"23":{"start":{"line":24,"column":0},"end":{"line":24,"column":4}},"24":{"start":{"line":25,"column":0},"end":{"line":25,"column":22}},"25":{"start":{"line":26,"column":0},"end":{"line":26,"column":4}},"26":{"start":{"line":27,"column":0},"end":{"line":27,"column":60}},"27":{"start":{"line":28,"column":0},"end":{"line":28,"column":47}},"28":{"start":{"line":29,"column":0},"end":{"line":29,"column":40}},"29":{"start":{"line":30,"column":0},"end":{"line":30,"column":4}},"30":{"start":{"line":31,"column":0},"end":{"line":31,"column":43}},"31":{"start":{"line":32,"column":0},"end":{"line":32,"column":41}},"32":{"start":{"line":33,"column":0},"end":{"line":33,"column":4}},"33":{"start":{"line":34,"column":0},"end":{"line":34,"column":45}},"34":{"start":{"line":35,"column":0},"end":{"line":35,"column":47}},"35":{"start":{"line":36,"column":0},"end":{"line":36,"column":4}},"36":{"start":{"line":37,"column":0},"end":{"line":37,"column":0}},"37":{"start":{"line":38,"column":0},"end":{"line":38,"column":19}},"38":{"start":{"line":39,"column":0},"end":{"line":39,"column":19}},"39":{"start":{"line":40,"column":0},"end":{"line":40,"column":43}},"40":{"start":{"line":41,"column":0},"end":{"line":41,"column":12}},"41":{"start":{"line":42,"column":0},"end":{"line":42,"column":26}},"42":{"start":{"line":43,"column":0},"end":{"line":43,"column":5}},"43":{"start":{"line":44,"column":0},"end":{"line":44,"column":13}},"44":{"start":{"line":45,"column":0},"end":{"line":45,"column":0}},"45":{"start":{"line":46,"column":0},"end":{"line":46,"column":38}},"46":{"start":{"line":47,"column":0},"end":{"line":47,"column":66}},"47":{"start":{"line":48,"column":0},"end":{"line":48,"column":55}},"48":{"start":{"line":49,"column":0},"end":{"line":49,"column":4}},"49":{"start":{"line":50,"column":0},"end":{"line":50,"column":0}},"50":{"start":{"line":51,"column":0},"end":{"line":51,"column":10}},"51":{"start":{"line":52,"column":0},"end":{"line":52,"column":56}},"52":{"start":{"line":53,"column":0},"end":{"line":53,"column":16}},"53":{"start":{"line":54,"column":0},"end":{"line":54,"column":29}},"54":{"start":{"line":55,"column":0},"end":{"line":55,"column":4}},"55":{"start":{"line":56,"column":0},"end":{"line":56,"column":1}}},"s":{"0":1,"1":1,"2":1,"3":1,"4":1,"5":1,"6":1,"7":1,"8":1,"9":1,"10":1,"11":1,"12":1,"13":1,"14":1,"15":1,"16":1,"17":1,"18":1,"19":1,"20":1,"21":1,"22":17,"23":17,"24":17,"25":17,"26":17,"27":17,"28":17,"29":17,"30":17,"31":17,"32":17,"33":17,"34":17,"35":17,"36":17,"37":17,"38":8,"39":4,"40":4,"41":4,"42":4,"43":17,"44":17,"45":17,"46":17,"47":17,"48":17,"49":17,"50":17,"51":17,"52":17,"53":17,"54":17,"55":17},"branchMap":{"0":{"type":"branch","line":22,"loc":{"start":{"line":22,"column":7},"end":{"line":56,"column":1}},"locations":[{"start":{"line":22,"column":7},"end":{"line":56,"column":1}}]},"1":{"type":"branch","line":29,"loc":{"start":{"line":29,"column":33},"end":{"line":29,"column":40}},"locations":[{"start":{"line":29,"column":33},"end":{"line":29,"column":40}}]},"2":{"type":"branch","line":32,"loc":{"start":{"line":32,"column":35},"end":{"line":32,"column":41}},"locations":[{"start":{"line":32,"column":35},"end":{"line":32,"column":41}}]},"3":{"type":"branch","line":38,"loc":{"start":{"line":38,"column":12},"end":{"line":44,"column":5}},"locations":[{"start":{"line":38,"column":12},"end":{"line":44,"column":5}}]},"4":{"type":"branch","line":39,"loc":{"start":{"line":39,"column":18},"end":{"line":43,"column":5}},"locations":[{"start":{"line":39,"column":18},"end":{"line":43,"column":5}}]},"5":{"type":"branch","line":47,"loc":{"start":{"line":47,"column":4},"end":{"line":47,"column":66}},"locations":[{"start":{"line":47,"column":4},"end":{"line":47,"column":66}}]}},"b":{"0":[17],"1":[14],"2":[9],"3":[8],"4":[4],"5":[9]},"fnMap":{"0":{"name":"setSearch","decl":{"start":{"line":17,"column":13},"end":{"line":17,"column":22}},"loc":{"start":{"line":17,"column":13},"end":{"line":17,"column":22}},"line":17},"1":{"name":"setPage","decl":{"start":{"line":18,"column":11},"end":{"line":18,"column":20}},"loc":{"start":{"line":18,"column":11},"end":{"line":18,"column":20}},"line":18},"2":{"name":"setLimit","decl":{"start":{"line":19,"column":12},"end":{"line":19,"column":21}},"loc":{"start":{"line":19,"column":12},"end":{"line":19,"column":21}},"line":19},"3":{"name":"UseSearchContextProvider","decl":{"start":{"line":22,"column":7},"end":{"line":56,"column":1}},"loc":{"start":{"line":22,"column":7},"end":{"line":56,"column":1}},"line":22}},"f":{"0":0,"1":0,"2":0,"3":17}}
,"D:\\GitHub\\rsschool-components\\src\\hooks\\useProductsData.ts": {"path":"D:\\GitHub\\rsschool-components\\src\\hooks\\useProductsData.ts","all":false,"statementMap":{"0":{"start":{"line":1,"column":0},"end":{"line":1,"column":44}},"1":{"start":{"line":2,"column":0},"end":{"line":2,"column":56}},"2":{"start":{"line":3,"column":0},"end":{"line":3,"column":33}},"3":{"start":{"line":4,"column":0},"end":{"line":4,"column":0}},"4":{"start":{"line":5,"column":0},"end":{"line":5,"column":28}},"5":{"start":{"line":6,"column":0},"end":{"line":6,"column":23}},"6":{"start":{"line":7,"column":0},"end":{"line":7,"column":21}},"7":{"start":{"line":8,"column":0},"end":{"line":8,"column":24}},"8":{"start":{"line":9,"column":0},"end":{"line":9,"column":16}},"9":{"start":{"line":10,"column":0},"end":{"line":10,"column":1}},"10":{"start":{"line":11,"column":0},"end":{"line":11,"column":0}},"11":{"start":{"line":12,"column":0},"end":{"line":12,"column":32}},"12":{"start":{"line":13,"column":0},"end":{"line":13,"column":16}},"13":{"start":{"line":14,"column":0},"end":{"line":14,"column":15}},"14":{"start":{"line":15,"column":0},"end":{"line":15,"column":15}},"15":{"start":{"line":16,"column":0},"end":{"line":16,"column":21}},"16":{"start":{"line":17,"column":0},"end":{"line":17,"column":24}},"17":{"start":{"line":18,"column":0},"end":{"line":18,"column":59}},"18":{"start":{"line":19,"column":0},"end":{"line":19,"column":61}},"19":{"start":{"line":20,"column":0},"end":{"line":20,"column":67}},"20":{"start":{"line":21,"column":0},"end":{"line":21,"column":61}},"21":{"start":{"line":22,"column":0},"end":{"line":22,"column":48}},"22":{"start":{"line":23,"column":0},"end":{"line":23,"column":0}},"23":{"start":{"line":24,"column":0},"end":{"line":24,"column":19}},"24":{"start":{"line":25,"column":0},"end":{"line":25,"column":23}},"25":{"start":{"line":26,"column":0},"end":{"line":26,"column":9}},"26":{"start":{"line":27,"column":0},"end":{"line":27,"column":0}},"27":{"start":{"line":28,"column":0},"end":{"line":28,"column":19}},"28":{"start":{"line":29,"column":0},"end":{"line":29,"column":21}},"29":{"start":{"line":30,"column":0},"end":{"line":30,"column":13}},"30":{"start":{"line":31,"column":0},"end":{"line":31,"column":5}},"31":{"start":{"line":32,"column":0},"end":{"line":32,"column":0}},"32":{"start":{"line":33,"column":0},"end":{"line":33,"column":23}},"33":{"start":{"line":34,"column":0},"end":{"line":34,"column":55}},"34":{"start":{"line":35,"column":0},"end":{"line":35,"column":37}},"35":{"start":{"line":36,"column":0},"end":{"line":36,"column":65}},"36":{"start":{"line":37,"column":0},"end":{"line":37,"column":26}},"37":{"start":{"line":38,"column":0},"end":{"line":38,"column":31}},"38":{"start":{"line":39,"column":0},"end":{"line":39,"column":7}},"39":{"start":{"line":40,"column":0},"end":{"line":40,"column":38}},"40":{"start":{"line":41,"column":0},"end":{"line":41,"column":0}},"41":{"start":{"line":42,"column":0},"end":{"line":42,"column":54}},"42":{"start":{"line":43,"column":0},"end":{"line":43,"column":1}}},"s":{"0":1,"1":1,"2":1,"3":1,"4":1,"5":1,"6":1,"7":1,"8":1,"9":1,"10":1,"11":1,"12":6,"13":6,"14":6,"15":6,"16":6,"17":6,"18":6,"19":6,"20":6,"21":6,"22":6,"23":6,"24":2,"25":6,"26":6,"27":6,"28":4,"29":2,"30":2,"31":2,"32":2,"33":2,"34":0,"35":0,"36":0,"37":0,"38":2,"39":6,"40":6,"41":6,"42":6},"branchMap":{"0":{"type":"branch","line":12,"loc":{"start":{"line":12,"column":7},"end":{"line":43,"column":1}},"locations":[{"start":{"line":12,"column":7},"end":{"line":43,"column":1}}]},"1":{"type":"branch","line":24,"loc":{"start":{"line":24,"column":12},"end":{"line":26,"column":5}},"locations":[{"start":{"line":24,"column":12},"end":{"line":26,"column":5}}]},"2":{"type":"branch","line":28,"loc":{"start":{"line":28,"column":12},"end":{"line":40,"column":5}},"locations":[{"start":{"line":28,"column":12},"end":{"line":40,"column":5}}]},"3":{"type":"branch","line":29,"loc":{"start":{"line":29,"column":20},"end":{"line":39,"column":7}},"locations":[{"start":{"line":29,"column":20},"end":{"line":39,"column":7}}]}},"b":{"0":[6],"1":[2],"2":[4],"3":[2]},"fnMap":{"0":{"name":"useProductsData","decl":{"start":{"line":12,"column":7},"end":{"line":43,"column":1}},"loc":{"start":{"line":12,"column":7},"end":{"line":43,"column":1}},"line":12}},"f":{"0":6}}
,"D:\\GitHub\\rsschool-components\\src\\pages\\DetailPage\\DetailPage.tsx": {"path":"D:\\GitHub\\rsschool-components\\src\\pages\\DetailPage\\DetailPage.tsx","all":false,"statementMap":{"0":{"start":{"line":1,"column":0},"end":{"line":1,"column":8}},"1":{"start":{"line":2,"column":0},"end":{"line":2,"column":20}},"2":{"start":{"line":3,"column":0},"end":{"line":3,"column":14}},"3":{"start":{"line":4,"column":0},"end":{"line":4,"column":12}},"4":{"start":{"line":5,"column":0},"end":{"line":5,"column":18}},"5":{"start":{"line":6,"column":0},"end":{"line":6,"column":26}},"6":{"start":{"line":7,"column":0},"end":{"line":7,"column":52}},"7":{"start":{"line":8,"column":0},"end":{"line":8,"column":59}},"8":{"start":{"line":9,"column":0},"end":{"line":9,"column":36}},"9":{"start":{"line":10,"column":0},"end":{"line":10,"column":45}},"10":{"start":{"line":11,"column":0},"end":{"line":11,"column":26}},"11":{"start":{"line":12,"column":0},"end":{"line":12,"column":49}},"12":{"start":{"line":13,"column":0},"end":{"line":13,"column":0}},"13":{"start":{"line":14,"column":0},"end":{"line":14,"column":30}},"14":{"start":{"line":15,"column":0},"end":{"line":15,"column":24}},"15":{"start":{"line":16,"column":0},"end":{"line":16,"column":29}},"16":{"start":{"line":17,"column":0},"end":{"line":17,"column":33}},"17":{"start":{"line":18,"column":0},"end":{"line":18,"column":43}},"18":{"start":{"line":19,"column":0},"end":{"line":19,"column":57}},"19":{"start":{"line":20,"column":0},"end":{"line":20,"column":64}},"20":{"start":{"line":21,"column":0},"end":{"line":21,"column":60}},"21":{"start":{"line":22,"column":0},"end":{"line":22,"column":60}},"22":{"start":{"line":23,"column":0},"end":{"line":23,"column":38}},"23":{"start":{"line":24,"column":0},"end":{"line":24,"column":0}},"24":{"start":{"line":25,"column":0},"end":{"line":25,"column":47}},"25":{"start":{"line":26,"column":0},"end":{"line":26,"column":79}},"26":{"start":{"line":27,"column":0},"end":{"line":27,"column":33}},"27":{"start":{"line":28,"column":0},"end":{"line":28,"column":5}},"28":{"start":{"line":29,"column":0},"end":{"line":29,"column":4}},"29":{"start":{"line":30,"column":0},"end":{"line":30,"column":0}},"30":{"start":{"line":31,"column":0},"end":{"line":31,"column":29}},"31":{"start":{"line":32,"column":0},"end":{"line":32,"column":31}},"32":{"start":{"line":33,"column":0},"end":{"line":33,"column":4}},"33":{"start":{"line":34,"column":0},"end":{"line":34,"column":0}},"34":{"start":{"line":35,"column":0},"end":{"line":35,"column":19}},"35":{"start":{"line":36,"column":0},"end":{"line":36,"column":14}},"36":{"start":{"line":37,"column":0},"end":{"line":37,"column":13}},"37":{"start":{"line":38,"column":0},"end":{"line":38,"column":5}},"38":{"start":{"line":39,"column":0},"end":{"line":39,"column":0}},"39":{"start":{"line":40,"column":0},"end":{"line":40,"column":51}},"40":{"start":{"line":41,"column":0},"end":{"line":41,"column":24}},"41":{"start":{"line":42,"column":0},"end":{"line":42,"column":23}},"42":{"start":{"line":43,"column":0},"end":{"line":43,"column":47}},"43":{"start":{"line":44,"column":0},"end":{"line":44,"column":26}},"44":{"start":{"line":45,"column":0},"end":{"line":45,"column":0}},"45":{"start":{"line":46,"column":0},"end":{"line":46,"column":22}},"46":{"start":{"line":47,"column":0},"end":{"line":47,"column":15}},"47":{"start":{"line":48,"column":0},"end":{"line":48,"column":7}},"48":{"start":{"line":49,"column":0},"end":{"line":49,"column":0}},"49":{"start":{"line":50,"column":0},"end":{"line":50,"column":27}},"50":{"start":{"line":51,"column":0},"end":{"line":51,"column":7}},"51":{"start":{"line":52,"column":0},"end":{"line":52,"column":21}},"52":{"start":{"line":53,"column":0},"end":{"line":53,"column":9}},"53":{"start":{"line":54,"column":0},"end":{"line":54,"column":0}},"54":{"start":{"line":55,"column":0},"end":{"line":55,"column":45}},"55":{"start":{"line":56,"column":0},"end":{"line":56,"column":19}},"56":{"start":{"line":57,"column":0},"end":{"line":57,"column":13}},"57":{"start":{"line":58,"column":0},"end":{"line":58,"column":5}},"58":{"start":{"line":59,"column":0},"end":{"line":59,"column":0}},"59":{"start":{"line":60,"column":0},"end":{"line":60,"column":53}},"60":{"start":{"line":61,"column":0},"end":{"line":61,"column":0}},"61":{"start":{"line":62,"column":0},"end":{"line":62,"column":49}},"62":{"start":{"line":63,"column":0},"end":{"line":63,"column":18}},"63":{"start":{"line":64,"column":0},"end":{"line":64,"column":58}},"64":{"start":{"line":65,"column":0},"end":{"line":65,"column":6}},"65":{"start":{"line":66,"column":0},"end":{"line":66,"column":16}},"66":{"start":{"line":67,"column":0},"end":{"line":67,"column":0}},"67":{"start":{"line":68,"column":0},"end":{"line":68,"column":18}},"68":{"start":{"line":69,"column":0},"end":{"line":69,"column":12}},"69":{"start":{"line":70,"column":0},"end":{"line":70,"column":61}},"70":{"start":{"line":71,"column":0},"end":{"line":71,"column":18}},"71":{"start":{"line":72,"column":0},"end":{"line":72,"column":12}},"72":{"start":{"line":73,"column":0},"end":{"line":73,"column":6}},"73":{"start":{"line":74,"column":0},"end":{"line":74,"column":3}},"74":{"start":{"line":75,"column":0},"end":{"line":75,"column":17}},"75":{"start":{"line":76,"column":0},"end":{"line":76,"column":12}},"76":{"start":{"line":77,"column":0},"end":{"line":77,"column":61}},"77":{"start":{"line":78,"column":0},"end":{"line":78,"column":56}},"78":{"start":{"line":79,"column":0},"end":{"line":79,"column":12}},"79":{"start":{"line":80,"column":0},"end":{"line":80,"column":6}},"80":{"start":{"line":81,"column":0},"end":{"line":81,"column":3}},"81":{"start":{"line":82,"column":0},"end":{"line":82,"column":10}},"82":{"start":{"line":83,"column":0},"end":{"line":83,"column":59}},"83":{"start":{"line":84,"column":0},"end":{"line":84,"column":68}},"84":{"start":{"line":85,"column":0},"end":{"line":85,"column":13}},"85":{"start":{"line":86,"column":0},"end":{"line":86,"column":15}},"86":{"start":{"line":87,"column":0},"end":{"line":87,"column":59}},"87":{"start":{"line":88,"column":0},"end":{"line":88,"column":27}},"88":{"start":{"line":89,"column":0},"end":{"line":89,"column":10}},"89":{"start":{"line":90,"column":0},"end":{"line":90,"column":4}},"90":{"start":{"line":91,"column":0},"end":{"line":91,"column":1}}},"s":{"0":1,"1":1,"2":1,"3":1,"4":1,"5":1,"6":1,"7":1,"8":1,"9":1,"10":1,"11":1,"12":1,"13":1,"14":13,"15":13,"16":13,"17":13,"18":13,"19":13,"20":13,"21":13,"22":13,"23":13,"24":13,"25":1,"26":0,"27":0,"28":1,"29":13,"30":13,"31":1,"32":1,"33":13,"34":13,"35":5,"36":0,"37":0,"38":5,"39":5,"40":5,"41":5,"42":5,"43":3,"44":3,"45":3,"46":0,"47":0,"48":3,"49":3,"50":5,"51":5,"52":13,"53":13,"54":13,"55":10,"56":5,"57":5,"58":5,"59":5,"60":5,"61":5,"62":5,"63":5,"64":5,"65":13,"66":13,"67":13,"68":10,"69":10,"70":10,"71":10,"72":10,"73":10,"74":9,"75":0,"76":0,"77":0,"78":0,"79":0,"80":0,"81":3,"82":3,"83":3,"84":3,"85":3,"86":13,"87":13,"88":13,"89":13,"90":13},"branchMap":{"0":{"type":"branch","line":14,"loc":{"start":{"line":14,"column":7},"end":{"line":91,"column":1}},"locations":[{"start":{"line":14,"column":7},"end":{"line":91,"column":1}}]},"1":{"type":"branch","line":68,"loc":{"start":{"line":68,"column":17},"end":{"line":74,"column":3}},"locations":[{"start":{"line":68,"column":17},"end":{"line":74,"column":3}}]},"2":{"type":"branch","line":74,"loc":{"start":{"line":74,"column":2},"end":{"line":87,"column":32}},"locations":[{"start":{"line":74,"column":2},"end":{"line":87,"column":32}}]},"3":{"type":"branch","line":74,"loc":{"start":{"line":74,"column":2},"end":{"line":75,"column":16}},"locations":[{"start":{"line":74,"column":2},"end":{"line":75,"column":16}}]},"4":{"type":"branch","line":75,"loc":{"start":{"line":75,"column":16},"end":{"line":81,"column":3}},"locations":[{"start":{"line":75,"column":16},"end":{"line":81,"column":3}}]},"5":{"type":"branch","line":81,"loc":{"start":{"line":81,"column":2},"end":{"line":87,"column":32}},"locations":[{"start":{"line":81,"column":2},"end":{"line":87,"column":32}}]},"6":{"type":"branch","line":87,"loc":{"start":{"line":87,"column":19},"end":{"line":87,"column":59}},"locations":[{"start":{"line":87,"column":19},"end":{"line":87,"column":59}}]},"7":{"type":"branch","line":25,"loc":{"start":{"line":25,"column":23},"end":{"line":29,"column":4}},"locations":[{"start":{"line":25,"column":23},"end":{"line":29,"column":4}}]},"8":{"type":"branch","line":26,"loc":{"start":{"line":26,"column":78},"end":{"line":28,"column":5}},"locations":[{"start":{"line":26,"column":78},"end":{"line":28,"column":5}}]},"9":{"type":"branch","line":31,"loc":{"start":{"line":31,"column":22},"end":{"line":33,"column":4}},"locations":[{"start":{"line":31,"column":22},"end":{"line":33,"column":4}}]},"10":{"type":"branch","line":35,"loc":{"start":{"line":35,"column":12},"end":{"line":53,"column":5}},"locations":[{"start":{"line":35,"column":12},"end":{"line":53,"column":5}}]},"11":{"type":"branch","line":36,"loc":{"start":{"line":36,"column":13},"end":{"line":38,"column":5}},"locations":[{"start":{"line":36,"column":13},"end":{"line":38,"column":5}}]},"12":{"type":"branch","line":43,"loc":{"start":{"line":43,"column":32},"end":{"line":51,"column":5}},"locations":[{"start":{"line":43,"column":32},"end":{"line":51,"column":5}}]},"13":{"type":"branch","line":46,"loc":{"start":{"line":46,"column":21},"end":{"line":48,"column":7}},"locations":[{"start":{"line":46,"column":21},"end":{"line":48,"column":7}}]},"14":{"type":"branch","line":55,"loc":{"start":{"line":55,"column":12},"end":{"line":66,"column":5}},"locations":[{"start":{"line":55,"column":12},"end":{"line":66,"column":5}}]},"15":{"type":"branch","line":56,"loc":{"start":{"line":56,"column":18},"end":{"line":65,"column":6}},"locations":[{"start":{"line":56,"column":18},"end":{"line":65,"column":6}}]},"16":{"type":"branch","line":63,"loc":{"start":{"line":63,"column":11},"end":{"line":65,"column":6}},"locations":[{"start":{"line":63,"column":11},"end":{"line":65,"column":6}}]}},"b":{"0":[13],"1":[10],"2":[9],"3":[3],"4":[0],"5":[3],"6":[3],"7":[1],"8":[0],"9":[1],"10":[5],"11":[0],"12":[3],"13":[0],"14":[10],"15":[5],"16":[5]},"fnMap":{"0":{"name":"DetailPage","decl":{"start":{"line":14,"column":7},"end":{"line":91,"column":1}},"loc":{"start":{"line":14,"column":7},"end":{"line":91,"column":1}},"line":14},"1":{"name":"closeOnClick","decl":{"start":{"line":25,"column":23},"end":{"line":29,"column":4}},"loc":{"start":{"line":25,"column":23},"end":{"line":29,"column":4}},"line":25},"2":{"name":"handleClick","decl":{"start":{"line":31,"column":22},"end":{"line":33,"column":4}},"loc":{"start":{"line":31,"column":22},"end":{"line":33,"column":4}},"line":31}},"f":{"0":13,"1":1,"2":1}}
,"D:\\GitHub\\rsschool-components\\src\\pages\\DetailPage\\index.ts": {"path":"D:\\GitHub\\rsschool-components\\src\\pages\\DetailPage\\index.ts","all":false,"statementMap":{"0":{"start":{"line":1,"column":0},"end":{"line":1,"column":29}}},"s":{"0":1},"branchMap":{},"b":{},"fnMap":{},"f":{}}
,"D:\\GitHub\\rsschool-components\\src\\pages\\MainPage\\MainPage.tsx": {"path":"D:\\GitHub\\rsschool-components\\src\\pages\\MainPage\\MainPage.tsx","all":false,"statementMap":{"0":{"start":{"line":1,"column":0},"end":{"line":1,"column":57}},"1":{"start":{"line":2,"column":0},"end":{"line":2,"column":51}},"2":{"start":{"line":3,"column":0},"end":{"line":3,"column":24}},"3":{"start":{"line":4,"column":0},"end":{"line":4,"column":71}},"4":{"start":{"line":5,"column":0},"end":{"line":5,"column":51}},"5":{"start":{"line":6,"column":0},"end":{"line":6,"column":75}},"6":{"start":{"line":7,"column":0},"end":{"line":7,"column":0}},"7":{"start":{"line":8,"column":0},"end":{"line":8,"column":28}},"8":{"start":{"line":9,"column":0},"end":{"line":9,"column":10}},"9":{"start":{"line":10,"column":0},"end":{"line":10,"column":6}},"10":{"start":{"line":11,"column":0},"end":{"line":11,"column":17}},"11":{"start":{"line":12,"column":0},"end":{"line":12,"column":32}},"12":{"start":{"line":13,"column":0},"end":{"line":13,"column":36}},"13":{"start":{"line":14,"column":0},"end":{"line":14,"column":24}},"14":{"start":{"line":15,"column":0},"end":{"line":15,"column":21}},"15":{"start":{"line":16,"column":0},"end":{"line":16,"column":37}},"16":{"start":{"line":17,"column":0},"end":{"line":17,"column":33}},"17":{"start":{"line":18,"column":0},"end":{"line":18,"column":7}},"18":{"start":{"line":19,"column":0},"end":{"line":19,"column":4}},"19":{"start":{"line":20,"column":0},"end":{"line":20,"column":1}}},"s":{"0":1,"1":1,"2":1,"3":1,"4":1,"5":1,"6":1,"7":1,"8":1,"9":1,"10":1,"11":1,"12":1,"13":1,"14":1,"15":1,"16":1,"17":1,"18":1,"19":1},"branchMap":{"0":{"type":"branch","line":8,"loc":{"start":{"line":8,"column":7},"end":{"line":20,"column":1}},"locations":[{"start":{"line":8,"column":7},"end":{"line":20,"column":1}}]}},"b":{"0":[1]},"fnMap":{"0":{"name":"MainPage","decl":{"start":{"line":8,"column":7},"end":{"line":20,"column":1}},"loc":{"start":{"line":8,"column":7},"end":{"line":20,"column":1}},"line":8}},"f":{"0":1}}
,"D:\\GitHub\\rsschool-components\\src\\pages\\MainPage\\index.ts": {"path":"D:\\GitHub\\rsschool-components\\src\\pages\\MainPage\\index.ts","all":false,"statementMap":{"0":{"start":{"line":1,"column":0},"end":{"line":1,"column":27}}},"s":{"0":1},"branchMap":{},"b":{},"fnMap":{},"f":{}}
,"D:\\GitHub\\rsschool-components\\src\\types\\enums\\EPaginationButtonDirection.ts": {"path":"D:\\GitHub\\rsschool-components\\src\\types\\enums\\EPaginationButtonDirection.ts","all":false,"statementMap":{"0":{"start":{"line":1,"column":0},"end":{"line":1,"column":40}},"1":{"start":{"line":2,"column":0},"end":{"line":2,"column":16}},"2":{"start":{"line":3,"column":0},"end":{"line":3,"column":16}},"3":{"start":{"line":4,"column":0},"end":{"line":4,"column":1}}},"s":{"0":1,"1":1,"2":1,"3":1},"branchMap":{"0":{"type":"branch","line":1,"loc":{"start":{"line":1,"column":7},"end":{"line":1,"column":40}},"locations":[{"start":{"line":1,"column":7},"end":{"line":1,"column":40}}]}},"b":{"0":[3]},"fnMap":{},"f":{}}
}
