{"D:\\GitHub\\rsschool-components\\src\\App.tsx": {"path":"D:\\GitHub\\rsschool-components\\src\\App.tsx","all":false,"statementMap":{"0":{"start":{"line":1,"column":0},"end":{"line":1,"column":8}},"1":{"start":{"line":2,"column":0},"end":{"line":2,"column":22}},"2":{"start":{"line":3,"column":0},"end":{"line":3,"column":27}},"3":{"start":{"line":4,"column":0},"end":{"line":4,"column":8}},"4":{"start":{"line":5,"column":0},"end":{"line":5,"column":17}},"5":{"start":{"line":6,"column":0},"end":{"line":6,"column":26}},"6":{"start":{"line":7,"column":0},"end":{"line":7,"column":48}},"7":{"start":{"line":8,"column":0},"end":{"line":8,"column":44}},"8":{"start":{"line":9,"column":0},"end":{"line":9,"column":49}},"9":{"start":{"line":10,"column":0},"end":{"line":10,"column":49}},"10":{"start":{"line":11,"column":0},"end":{"line":11,"column":0}},"11":{"start":{"line":12,"column":0},"end":{"line":12,"column":47}},"12":{"start":{"line":13,"column":0},"end":{"line":13,"column":37}},"13":{"start":{"line":14,"column":0},"end":{"line":14,"column":43}},"14":{"start":{"line":15,"column":0},"end":{"line":15,"column":58}},"15":{"start":{"line":16,"column":0},"end":{"line":16,"column":12}},"16":{"start":{"line":17,"column":0},"end":{"line":17,"column":45}},"17":{"start":{"line":18,"column":0},"end":{"line":18,"column":10}},"18":{"start":{"line":19,"column":0},"end":{"line":19,"column":2}},"19":{"start":{"line":20,"column":0},"end":{"line":20,"column":0}},"20":{"start":{"line":21,"column":0},"end":{"line":21,"column":43}},"21":{"start":{"line":22,"column":0},"end":{"line":22,"column":0}},"22":{"start":{"line":23,"column":0},"end":{"line":23,"column":23}},"23":{"start":{"line":24,"column":0},"end":{"line":24,"column":44}},"24":{"start":{"line":25,"column":0},"end":{"line":25,"column":1}}},"s":{"0":1,"1":1,"2":1,"3":1,"4":1,"5":1,"6":1,"7":1,"8":1,"9":1,"10":1,"11":1,"12":1,"13":1,"14":1,"15":1,"16":1,"17":1,"18":1,"19":1,"20":1,"21":1,"22":1,"23":2,"24":2},"branchMap":{"0":{"type":"branch","line":23,"loc":{"start":{"line":23,"column":7},"end":{"line":25,"column":1}},"locations":[{"start":{"line":23,"column":7},"end":{"line":25,"column":1}}]}},"b":{"0":[2]},"fnMap":{"0":{"name":"App","decl":{"start":{"line":23,"column":7},"end":{"line":25,"column":1}},"loc":{"start":{"line":23,"column":7},"end":{"line":25,"column":1}},"line":23}},"f":{"0":2}}
,"D:\\GitHub\\rsschool-components\\src\\api\\Api.ts": {"path":"D:\\GitHub\\rsschool-components\\src\\api\\Api.ts","all":false,"statementMap":{"0":{"start":{"line":1,"column":0},"end":{"line":1,"column":58}},"1":{"start":{"line":2,"column":0},"end":{"line":2,"column":56}},"2":{"start":{"line":3,"column":0},"end":{"line":3,"column":0}},"3":{"start":{"line":4,"column":0},"end":{"line":4,"column":16}},"4":{"start":{"line":5,"column":0},"end":{"line":5,"column":18}},"5":{"start":{"line":6,"column":0},"end":{"line":6,"column":25}},"6":{"start":{"line":7,"column":0},"end":{"line":7,"column":11}},"7":{"start":{"line":8,"column":0},"end":{"line":8,"column":18}},"8":{"start":{"line":9,"column":0},"end":{"line":9,"column":18}},"9":{"start":{"line":10,"column":0},"end":{"line":10,"column":25}},"10":{"start":{"line":11,"column":0},"end":{"line":11,"column":26}},"11":{"start":{"line":12,"column":0},"end":{"line":12,"column":59}},"12":{"start":{"line":13,"column":0},"end":{"line":13,"column":1}},"13":{"start":{"line":14,"column":0},"end":{"line":14,"column":0}},"14":{"start":{"line":15,"column":0},"end":{"line":15,"column":34}},"15":{"start":{"line":16,"column":0},"end":{"line":16,"column":45}},"16":{"start":{"line":17,"column":0},"end":{"line":17,"column":0}},"17":{"start":{"line":18,"column":0},"end":{"line":18,"column":28}},"18":{"start":{"line":19,"column":0},"end":{"line":19,"column":0}},"19":{"start":{"line":20,"column":0},"end":{"line":20,"column":62}},"20":{"start":{"line":21,"column":0},"end":{"line":21,"column":9}},"21":{"start":{"line":22,"column":0},"end":{"line":22,"column":60}},"22":{"start":{"line":23,"column":0},"end":{"line":23,"column":0}},"23":{"start":{"line":24,"column":0},"end":{"line":24,"column":52}},"24":{"start":{"line":25,"column":0},"end":{"line":25,"column":44}},"25":{"start":{"line":26,"column":0},"end":{"line":26,"column":7}},"26":{"start":{"line":27,"column":0},"end":{"line":27,"column":0}},"27":{"start":{"line":28,"column":0},"end":{"line":28,"column":35}},"28":{"start":{"line":29,"column":0},"end":{"line":29,"column":21}},"29":{"start":{"line":30,"column":0},"end":{"line":30,"column":18}},"30":{"start":{"line":31,"column":0},"end":{"line":31,"column":5}},"31":{"start":{"line":32,"column":0},"end":{"line":32,"column":3}},"32":{"start":{"line":33,"column":0},"end":{"line":33,"column":0}},"33":{"start":{"line":34,"column":0},"end":{"line":34,"column":80}},"34":{"start":{"line":35,"column":0},"end":{"line":35,"column":9}},"35":{"start":{"line":36,"column":0},"end":{"line":36,"column":35}},"36":{"start":{"line":37,"column":0},"end":{"line":37,"column":73}},"37":{"start":{"line":38,"column":0},"end":{"line":38,"column":35}},"38":{"start":{"line":39,"column":0},"end":{"line":39,"column":32}},"39":{"start":{"line":40,"column":0},"end":{"line":40,"column":8}},"40":{"start":{"line":41,"column":0},"end":{"line":41,"column":52}},"41":{"start":{"line":42,"column":0},"end":{"line":42,"column":41}},"42":{"start":{"line":43,"column":0},"end":{"line":43,"column":7}},"43":{"start":{"line":44,"column":0},"end":{"line":44,"column":0}},"44":{"start":{"line":45,"column":0},"end":{"line":45,"column":80}},"45":{"start":{"line":46,"column":0},"end":{"line":46,"column":0}},"46":{"start":{"line":47,"column":0},"end":{"line":47,"column":46}},"47":{"start":{"line":48,"column":0},"end":{"line":48,"column":21}},"48":{"start":{"line":49,"column":0},"end":{"line":49,"column":14}},"49":{"start":{"line":50,"column":0},"end":{"line":50,"column":21}},"50":{"start":{"line":51,"column":0},"end":{"line":51,"column":28}},"51":{"start":{"line":52,"column":0},"end":{"line":52,"column":40}},"52":{"start":{"line":53,"column":0},"end":{"line":53,"column":17}},"53":{"start":{"line":54,"column":0},"end":{"line":54,"column":8}},"54":{"start":{"line":55,"column":0},"end":{"line":55,"column":5}},"55":{"start":{"line":56,"column":0},"end":{"line":56,"column":3}},"56":{"start":{"line":57,"column":0},"end":{"line":57,"column":1}}},"s":{"0":1,"1":1,"2":1,"3":1,"4":1,"5":1,"6":1,"7":1,"8":1,"9":1,"10":1,"11":1,"12":1,"13":1,"14":1,"15":50,"16":50,"17":50,"18":50,"19":50,"20":5,"21":5,"22":3,"23":5,"24":2,"25":2,"26":1,"27":1,"28":3,"29":2,"30":2,"31":5,"32":50,"33":50,"34":10,"35":10,"36":10,"37":10,"38":10,"39":10,"40":10,"41":1,"42":1,"43":6,"44":6,"45":6,"46":6,"47":8,"48":1,"49":1,"50":1,"51":1,"52":1,"53":1,"54":1,"55":10,"56":50},"branchMap":{"0":{"type":"branch","line":15,"loc":{"start":{"line":15,"column":7},"end":{"line":57,"column":1}},"locations":[{"start":{"line":15,"column":7},"end":{"line":57,"column":1}}]},"1":{"type":"branch","line":20,"loc":{"start":{"line":20,"column":2},"end":{"line":32,"column":3}},"locations":[{"start":{"line":20,"column":2},"end":{"line":32,"column":3}}]},"2":{"type":"branch","line":22,"loc":{"start":{"line":22,"column":58},"end":{"line":24,"column":51}},"locations":[{"start":{"line":22,"column":58},"end":{"line":24,"column":51}}]},"3":{"type":"branch","line":24,"loc":{"start":{"line":24,"column":20},"end":{"line":24,"column":51}},"locations":[{"start":{"line":24,"column":20},"end":{"line":24,"column":51}}]},"4":{"type":"branch","line":24,"loc":{"start":{"line":24,"column":51},"end":{"line":31,"column":5}},"locations":[{"start":{"line":24,"column":51},"end":{"line":31,"column":5}}]},"5":{"type":"branch","line":24,"loc":{"start":{"line":24,"column":51},"end":{"line":26,"column":7}},"locations":[{"start":{"line":24,"column":51},"end":{"line":26,"column":7}}]},"6":{"type":"branch","line":26,"loc":{"start":{"line":26,"column":6},"end":{"line":29,"column":13}},"locations":[{"start":{"line":26,"column":6},"end":{"line":29,"column":13}}]},"7":{"type":"branch","line":29,"loc":{"start":{"line":29,"column":4},"end":{"line":31,"column":5}},"locations":[{"start":{"line":29,"column":4},"end":{"line":31,"column":5}}]},"8":{"type":"branch","line":34,"loc":{"start":{"line":34,"column":2},"end":{"line":56,"column":3}},"locations":[{"start":{"line":34,"column":2},"end":{"line":56,"column":3}}]},"9":{"type":"branch","line":40,"loc":{"start":{"line":40,"column":6},"end":{"line":41,"column":51}},"locations":[{"start":{"line":40,"column":6},"end":{"line":41,"column":51}}]},"10":{"type":"branch","line":41,"loc":{"start":{"line":41,"column":20},"end":{"line":41,"column":51}},"locations":[{"start":{"line":41,"column":20},"end":{"line":41,"column":51}}]},"11":{"type":"branch","line":41,"loc":{"start":{"line":41,"column":51},"end":{"line":55,"column":5}},"locations":[{"start":{"line":41,"column":51},"end":{"line":55,"column":5}}]},"12":{"type":"branch","line":41,"loc":{"start":{"line":41,"column":51},"end":{"line":43,"column":7}},"locations":[{"start":{"line":41,"column":51},"end":{"line":43,"column":7}}]},"13":{"type":"branch","line":43,"loc":{"start":{"line":43,"column":6},"end":{"line":48,"column":13}},"locations":[{"start":{"line":43,"column":6},"end":{"line":48,"column":13}}]},"14":{"type":"branch","line":48,"loc":{"start":{"line":48,"column":4},"end":{"line":55,"column":5}},"locations":[{"start":{"line":48,"column":4},"end":{"line":55,"column":5}}]}},"b":{"0":[50],"1":[5],"2":[3],"3":[1],"4":[3],"5":[2],"6":[1],"7":[2],"8":[10],"9":[7],"10":[6],"11":[8],"12":[1],"13":[6],"14":[1]},"fnMap":{"0":{"name":"<instance_members_initializer>","decl":{"start":{"line":15,"column":7},"end":{"line":57,"column":1}},"loc":{"start":{"line":15,"column":7},"end":{"line":57,"column":1}},"line":15},"1":{"name":"getProductById","decl":{"start":{"line":20,"column":2},"end":{"line":32,"column":3}},"loc":{"start":{"line":20,"column":2},"end":{"line":32,"column":3}},"line":20},"2":{"name":"search","decl":{"start":{"line":34,"column":2},"end":{"line":56,"column":3}},"loc":{"start":{"line":34,"column":2},"end":{"line":56,"column":3}},"line":34}},"f":{"0":50,"1":5,"2":10}}
,"D:\\GitHub\\rsschool-components\\src\\components\\Card\\Card.tsx": {"path":"D:\\GitHub\\rsschool-components\\src\\components\\Card\\Card.tsx","all":false,"statementMap":{"0":{"start":{"line":1,"column":0},"end":{"line":1,"column":59}},"1":{"start":{"line":2,"column":0},"end":{"line":2,"column":0}},"2":{"start":{"line":3,"column":0},"end":{"line":3,"column":22}},"3":{"start":{"line":4,"column":0},"end":{"line":4,"column":20}},"4":{"start":{"line":5,"column":0},"end":{"line":5,"column":1}},"5":{"start":{"line":6,"column":0},"end":{"line":6,"column":0}},"6":{"start":{"line":7,"column":0},"end":{"line":7,"column":47}},"7":{"start":{"line":8,"column":0},"end":{"line":8,"column":10}},"8":{"start":{"line":9,"column":0},"end":{"line":9,"column":26}},"9":{"start":{"line":10,"column":0},"end":{"line":10,"column":30}},"10":{"start":{"line":11,"column":0},"end":{"line":11,"column":57}},"11":{"start":{"line":12,"column":0},"end":{"line":12,"column":58}},"12":{"start":{"line":13,"column":0},"end":{"line":13,"column":61}},"13":{"start":{"line":14,"column":0},"end":{"line":14,"column":10}},"14":{"start":{"line":15,"column":0},"end":{"line":15,"column":4}},"15":{"start":{"line":16,"column":0},"end":{"line":16,"column":1}}},"s":{"0":1,"1":1,"2":1,"3":1,"4":1,"5":1,"6":1,"7":4,"8":4,"9":4,"10":4,"11":4,"12":4,"13":4,"14":4,"15":4},"branchMap":{"0":{"type":"branch","line":7,"loc":{"start":{"line":7,"column":7},"end":{"line":16,"column":1}},"locations":[{"start":{"line":7,"column":7},"end":{"line":16,"column":1}}]}},"b":{"0":[4]},"fnMap":{"0":{"name":"Card","decl":{"start":{"line":7,"column":7},"end":{"line":16,"column":1}},"loc":{"start":{"line":7,"column":7},"end":{"line":16,"column":1}},"line":7}},"f":{"0":4}}
,"D:\\GitHub\\rsschool-components\\src\\components\\Card\\index.ts": {"path":"D:\\GitHub\\rsschool-components\\src\\components\\Card\\index.ts","all":false,"statementMap":{"0":{"start":{"line":1,"column":0},"end":{"line":1,"column":23}}},"s":{"0":1},"branchMap":{},"b":{},"fnMap":{},"f":{}}
,"D:\\GitHub\\rsschool-components\\src\\components\\Content\\Content.tsx": {"path":"D:\\GitHub\\rsschool-components\\src\\components\\Content\\Content.tsx","all":false,"statementMap":{"0":{"start":{"line":1,"column":0},"end":{"line":1,"column":42}},"1":{"start":{"line":2,"column":0},"end":{"line":2,"column":45}},"2":{"start":{"line":3,"column":0},"end":{"line":3,"column":43}},"3":{"start":{"line":4,"column":0},"end":{"line":4,"column":0}},"4":{"start":{"line":5,"column":0},"end":{"line":5,"column":27}},"5":{"start":{"line":6,"column":0},"end":{"line":6,"column":10}},"6":{"start":{"line":7,"column":0},"end":{"line":7,"column":29}},"7":{"start":{"line":8,"column":0},"end":{"line":8,"column":43}},"8":{"start":{"line":9,"column":0},"end":{"line":9,"column":23}},"9":{"start":{"line":10,"column":0},"end":{"line":10,"column":22}},"10":{"start":{"line":11,"column":0},"end":{"line":11,"column":12}},"11":{"start":{"line":12,"column":0},"end":{"line":12,"column":16}},"12":{"start":{"line":13,"column":0},"end":{"line":13,"column":10}},"13":{"start":{"line":14,"column":0},"end":{"line":14,"column":4}},"14":{"start":{"line":15,"column":0},"end":{"line":15,"column":1}}},"s":{"0":1,"1":1,"2":1,"3":1,"4":1,"5":8,"6":8,"7":8,"8":8,"9":8,"10":8,"11":8,"12":8,"13":8,"14":8},"branchMap":{"0":{"type":"branch","line":5,"loc":{"start":{"line":5,"column":7},"end":{"line":15,"column":1}},"locations":[{"start":{"line":5,"column":7},"end":{"line":15,"column":1}}]}},"b":{"0":[8]},"fnMap":{"0":{"name":"Content","decl":{"start":{"line":5,"column":7},"end":{"line":15,"column":1}},"loc":{"start":{"line":5,"column":7},"end":{"line":15,"column":1}},"line":5}},"f":{"0":8}}
,"D:\\GitHub\\rsschool-components\\src\\components\\Content\\index.ts": {"path":"D:\\GitHub\\rsschool-components\\src\\components\\Content\\index.ts","all":false,"statementMap":{"0":{"start":{"line":1,"column":0},"end":{"line":1,"column":26}}},"s":{"0":1},"branchMap":{},"b":{},"fnMap":{},"f":{}}
,"D:\\GitHub\\rsschool-components\\src\\components\\ErrorButton\\ErrorButton.tsx": {"path":"D:\\GitHub\\rsschool-components\\src\\components\\ErrorButton\\ErrorButton.tsx","all":false,"statementMap":{"0":{"start":{"line":1,"column":0},"end":{"line":1,"column":44}},"1":{"start":{"line":2,"column":0},"end":{"line":2,"column":27}},"2":{"start":{"line":3,"column":0},"end":{"line":3,"column":0}},"3":{"start":{"line":4,"column":0},"end":{"line":4,"column":31}},"4":{"start":{"line":5,"column":0},"end":{"line":5,"column":59}},"5":{"start":{"line":6,"column":0},"end":{"line":6,"column":29}},"6":{"start":{"line":7,"column":0},"end":{"line":7,"column":22}},"7":{"start":{"line":8,"column":0},"end":{"line":8,"column":4}},"8":{"start":{"line":9,"column":0},"end":{"line":9,"column":0}},"9":{"start":{"line":10,"column":0},"end":{"line":10,"column":19}},"10":{"start":{"line":11,"column":0},"end":{"line":11,"column":19}},"11":{"start":{"line":12,"column":0},"end":{"line":12,"column":36}},"12":{"start":{"line":13,"column":0},"end":{"line":13,"column":5}},"13":{"start":{"line":14,"column":0},"end":{"line":14,"column":17}},"14":{"start":{"line":15,"column":0},"end":{"line":15,"column":0}},"15":{"start":{"line":16,"column":0},"end":{"line":16,"column":10}},"16":{"start":{"line":17,"column":0},"end":{"line":17,"column":73}},"17":{"start":{"line":18,"column":0},"end":{"line":18,"column":17}},"18":{"start":{"line":19,"column":0},"end":{"line":19,"column":13}},"19":{"start":{"line":20,"column":0},"end":{"line":20,"column":4}},"20":{"start":{"line":21,"column":0},"end":{"line":21,"column":1}}},"s":{"0":1,"1":1,"2":1,"3":1,"4":22,"5":22,"6":1,"7":1,"8":22,"9":22,"10":9,"11":1,"12":1,"13":22,"14":22,"15":22,"16":22,"17":22,"18":22,"19":22,"20":22},"branchMap":{"0":{"type":"branch","line":4,"loc":{"start":{"line":4,"column":7},"end":{"line":21,"column":1}},"locations":[{"start":{"line":4,"column":7},"end":{"line":21,"column":1}}]},"1":{"type":"branch","line":6,"loc":{"start":{"line":6,"column":22},"end":{"line":8,"column":4}},"locations":[{"start":{"line":6,"column":22},"end":{"line":8,"column":4}}]},"2":{"type":"branch","line":10,"loc":{"start":{"line":10,"column":12},"end":{"line":14,"column":5}},"locations":[{"start":{"line":10,"column":12},"end":{"line":14,"column":5}}]},"3":{"type":"branch","line":11,"loc":{"start":{"line":11,"column":18},"end":{"line":13,"column":5}},"locations":[{"start":{"line":11,"column":18},"end":{"line":13,"column":5}}]}},"b":{"0":[22],"1":[1],"2":[9],"3":[1]},"fnMap":{"0":{"name":"ErrorButton","decl":{"start":{"line":4,"column":7},"end":{"line":21,"column":1}},"loc":{"start":{"line":4,"column":7},"end":{"line":21,"column":1}},"line":4},"1":{"name":"handleClick","decl":{"start":{"line":6,"column":22},"end":{"line":8,"column":4}},"loc":{"start":{"line":6,"column":22},"end":{"line":8,"column":4}},"line":6}},"f":{"0":22,"1":1}}
,"D:\\GitHub\\rsschool-components\\src\\components\\ErrorButton\\index.ts": {"path":"D:\\GitHub\\rsschool-components\\src\\components\\ErrorButton\\index.ts","all":false,"statementMap":{"0":{"start":{"line":1,"column":0},"end":{"line":1,"column":30}}},"s":{"0":1},"branchMap":{},"b":{},"fnMap":{},"f":{}}
,"D:\\GitHub\\rsschool-components\\src\\components\\Fallback\\Fallback.tsx": {"path":"D:\\GitHub\\rsschool-components\\src\\components\\Fallback\\Fallback.tsx","all":false,"statementMap":{"0":{"start":{"line":1,"column":0},"end":{"line":1,"column":24}},"1":{"start":{"line":2,"column":0},"end":{"line":2,"column":0}},"2":{"start":{"line":3,"column":0},"end":{"line":3,"column":28}},"3":{"start":{"line":4,"column":0},"end":{"line":4,"column":10}},"4":{"start":{"line":5,"column":0},"end":{"line":5,"column":30}},"5":{"start":{"line":6,"column":0},"end":{"line":6,"column":44}},"6":{"start":{"line":7,"column":0},"end":{"line":7,"column":69}},"7":{"start":{"line":8,"column":0},"end":{"line":8,"column":14}},"8":{"start":{"line":9,"column":0},"end":{"line":9,"column":15}},"9":{"start":{"line":10,"column":0},"end":{"line":10,"column":10}},"10":{"start":{"line":11,"column":0},"end":{"line":11,"column":4}},"11":{"start":{"line":12,"column":0},"end":{"line":12,"column":1}}},"s":{"0":1,"1":1,"2":1,"3":2,"4":2,"5":2,"6":2,"7":2,"8":2,"9":2,"10":2,"11":2},"branchMap":{"0":{"type":"branch","line":3,"loc":{"start":{"line":3,"column":7},"end":{"line":12,"column":1}},"locations":[{"start":{"line":3,"column":7},"end":{"line":12,"column":1}}]},"1":{"type":"branch","line":7,"loc":{"start":{"line":7,"column":37},"end":{"line":7,"column":69}},"locations":[{"start":{"line":7,"column":37},"end":{"line":7,"column":69}}]}},"b":{"0":[2],"1":[1]},"fnMap":{"0":{"name":"Fallback","decl":{"start":{"line":3,"column":7},"end":{"line":12,"column":1}},"loc":{"start":{"line":3,"column":7},"end":{"line":12,"column":1}},"line":3},"1":{"name":"onClick","decl":{"start":{"line":7,"column":37},"end":{"line":7,"column":69}},"loc":{"start":{"line":7,"column":37},"end":{"line":7,"column":69}},"line":7}},"f":{"0":2,"1":1}}
,"D:\\GitHub\\rsschool-components\\src\\components\\Fallback\\index.ts": {"path":"D:\\GitHub\\rsschool-components\\src\\components\\Fallback\\index.ts","all":false,"statementMap":{"0":{"start":{"line":1,"column":0},"end":{"line":1,"column":27}}},"s":{"0":1},"branchMap":{},"b":{},"fnMap":{},"f":{}}
,"D:\\GitHub\\rsschool-components\\src\\components\\Heading\\Heading.tsx": {"path":"D:\\GitHub\\rsschool-components\\src\\components\\Heading\\Heading.tsx","all":false,"statementMap":{"0":{"start":{"line":1,"column":0},"end":{"line":1,"column":23}},"1":{"start":{"line":2,"column":0},"end":{"line":2,"column":0}},"2":{"start":{"line":3,"column":0},"end":{"line":3,"column":27}},"3":{"start":{"line":4,"column":0},"end":{"line":4,"column":53}},"4":{"start":{"line":5,"column":0},"end":{"line":5,"column":1}}},"s":{"0":1,"1":1,"2":1,"3":6,"4":6},"branchMap":{"0":{"type":"branch","line":3,"loc":{"start":{"line":3,"column":7},"end":{"line":5,"column":1}},"locations":[{"start":{"line":3,"column":7},"end":{"line":5,"column":1}}]}},"b":{"0":[6]},"fnMap":{"0":{"name":"Heading","decl":{"start":{"line":3,"column":7},"end":{"line":5,"column":1}},"loc":{"start":{"line":3,"column":7},"end":{"line":5,"column":1}},"line":3}},"f":{"0":6}}
,"D:\\GitHub\\rsschool-components\\src\\components\\Heading\\index.ts": {"path":"D:\\GitHub\\rsschool-components\\src\\components\\Heading\\index.ts","all":false,"statementMap":{"0":{"start":{"line":1,"column":0},"end":{"line":1,"column":26}}},"s":{"0":1},"branchMap":{},"b":{},"fnMap":{},"f":{}}
,"D:\\GitHub\\rsschool-components\\src\\components\\Loader\\Loader.tsx": {"path":"D:\\GitHub\\rsschool-components\\src\\components\\Loader\\Loader.tsx","all":false,"statementMap":{"0":{"start":{"line":1,"column":0},"end":{"line":1,"column":22}},"1":{"start":{"line":2,"column":0},"end":{"line":2,"column":0}},"2":{"start":{"line":3,"column":0},"end":{"line":3,"column":26}},"3":{"start":{"line":4,"column":0},"end":{"line":4,"column":46}},"4":{"start":{"line":5,"column":0},"end":{"line":5,"column":1}}},"s":{"0":1,"1":1,"2":1,"3":23,"4":23},"branchMap":{"0":{"type":"branch","line":3,"loc":{"start":{"line":3,"column":7},"end":{"line":5,"column":1}},"locations":[{"start":{"line":3,"column":7},"end":{"line":5,"column":1}}]}},"b":{"0":[23]},"fnMap":{"0":{"name":"Loader","decl":{"start":{"line":3,"column":7},"end":{"line":5,"column":1}},"loc":{"start":{"line":3,"column":7},"end":{"line":5,"column":1}},"line":3}},"f":{"0":23}}
,"D:\\GitHub\\rsschool-components\\src\\components\\Loader\\index.ts": {"path":"D:\\GitHub\\rsschool-components\\src\\components\\Loader\\index.ts","all":false,"statementMap":{"0":{"start":{"line":1,"column":0},"end":{"line":1,"column":25}}},"s":{"0":1},"branchMap":{},"b":{},"fnMap":{},"f":{}}
,"D:\\GitHub\\rsschool-components\\src\\components\\NotFound\\NotFound.tsx": {"path":"D:\\GitHub\\rsschool-components\\src\\components\\NotFound\\NotFound.tsx","all":false,"statementMap":{"0":{"start":{"line":1,"column":0},"end":{"line":1,"column":40}},"1":{"start":{"line":2,"column":0},"end":{"line":2,"column":24}},"2":{"start":{"line":3,"column":0},"end":{"line":3,"column":0}},"3":{"start":{"line":4,"column":0},"end":{"line":4,"column":28}},"4":{"start":{"line":5,"column":0},"end":{"line":5,"column":10}},"5":{"start":{"line":6,"column":0},"end":{"line":6,"column":30}},"6":{"start":{"line":7,"column":0},"end":{"line":7,"column":29}},"7":{"start":{"line":8,"column":0},"end":{"line":8,"column":36}},"8":{"start":{"line":9,"column":0},"end":{"line":9,"column":10}},"9":{"start":{"line":10,"column":0},"end":{"line":10,"column":4}},"10":{"start":{"line":11,"column":0},"end":{"line":11,"column":1}}},"s":{"0":1,"1":1,"2":1,"3":1,"4":1,"5":1,"6":1,"7":1,"8":1,"9":1,"10":1},"branchMap":{"0":{"type":"branch","line":4,"loc":{"start":{"line":4,"column":7},"end":{"line":11,"column":1}},"locations":[{"start":{"line":4,"column":7},"end":{"line":11,"column":1}}]}},"b":{"0":[1]},"fnMap":{"0":{"name":"NotFound","decl":{"start":{"line":4,"column":7},"end":{"line":11,"column":1}},"loc":{"start":{"line":4,"column":7},"end":{"line":11,"column":1}},"line":4}},"f":{"0":1}}
,"D:\\GitHub\\rsschool-components\\src\\components\\NotFound\\index.ts": {"path":"D:\\GitHub\\rsschool-components\\src\\components\\NotFound\\index.ts","all":false,"statementMap":{"0":{"start":{"line":1,"column":0},"end":{"line":1,"column":27}}},"s":{"0":1},"branchMap":{},"b":{},"fnMap":{},"f":{}}
,"D:\\GitHub\\rsschool-components\\src\\components\\Pagination\\Pagination.tsx": {"path":"D:\\GitHub\\rsschool-components\\src\\components\\Pagination\\Pagination.tsx","all":false,"statementMap":{"0":{"start":{"line":1,"column":0},"end":{"line":1,"column":8}},"1":{"start":{"line":2,"column":0},"end":{"line":2,"column":14}},"2":{"start":{"line":3,"column":0},"end":{"line":3,"column":13}},"3":{"start":{"line":4,"column":0},"end":{"line":4,"column":13}},"4":{"start":{"line":5,"column":0},"end":{"line":5,"column":12}},"5":{"start":{"line":6,"column":0},"end":{"line":6,"column":11}},"6":{"start":{"line":7,"column":0},"end":{"line":7,"column":15}},"7":{"start":{"line":8,"column":0},"end":{"line":8,"column":26}},"8":{"start":{"line":9,"column":0},"end":{"line":9,"column":47}},"9":{"start":{"line":10,"column":0},"end":{"line":10,"column":90}},"10":{"start":{"line":11,"column":0},"end":{"line":11,"column":78}},"11":{"start":{"line":12,"column":0},"end":{"line":12,"column":84}},"12":{"start":{"line":13,"column":0},"end":{"line":13,"column":0}},"13":{"start":{"line":14,"column":0},"end":{"line":14,"column":30}},"14":{"start":{"line":15,"column":0},"end":{"line":15,"column":33}},"15":{"start":{"line":16,"column":0},"end":{"line":16,"column":71}},"16":{"start":{"line":17,"column":0},"end":{"line":17,"column":62}},"17":{"start":{"line":18,"column":0},"end":{"line":18,"column":63}},"18":{"start":{"line":19,"column":0},"end":{"line":19,"column":0}},"19":{"start":{"line":20,"column":0},"end":{"line":20,"column":67}},"20":{"start":{"line":21,"column":0},"end":{"line":21,"column":54}},"21":{"start":{"line":22,"column":0},"end":{"line":22,"column":41}},"22":{"start":{"line":23,"column":0},"end":{"line":23,"column":15}},"23":{"start":{"line":24,"column":0},"end":{"line":24,"column":4}},"24":{"start":{"line":25,"column":0},"end":{"line":25,"column":0}},"25":{"start":{"line":26,"column":0},"end":{"line":26,"column":65}},"26":{"start":{"line":27,"column":0},"end":{"line":27,"column":8}},"27":{"start":{"line":28,"column":0},"end":{"line":28,"column":79}},"28":{"start":{"line":29,"column":0},"end":{"line":29,"column":7}},"29":{"start":{"line":30,"column":0},"end":{"line":30,"column":35}},"30":{"start":{"line":31,"column":0},"end":{"line":31,"column":26}},"31":{"start":{"line":32,"column":0},"end":{"line":32,"column":7}},"32":{"start":{"line":33,"column":0},"end":{"line":33,"column":26}},"33":{"start":{"line":34,"column":0},"end":{"line":34,"column":24}},"34":{"start":{"line":35,"column":0},"end":{"line":35,"column":5}},"35":{"start":{"line":36,"column":0},"end":{"line":36,"column":4}},"36":{"start":{"line":37,"column":0},"end":{"line":37,"column":0}},"37":{"start":{"line":38,"column":0},"end":{"line":38,"column":19}},"38":{"start":{"line":39,"column":0},"end":{"line":39,"column":56}},"39":{"start":{"line":40,"column":0},"end":{"line":40,"column":17}},"40":{"start":{"line":41,"column":0},"end":{"line":41,"column":0}},"41":{"start":{"line":42,"column":0},"end":{"line":42,"column":10}},"42":{"start":{"line":43,"column":0},"end":{"line":43,"column":32}},"43":{"start":{"line":44,"column":0},"end":{"line":44,"column":24}},"44":{"start":{"line":45,"column":0},"end":{"line":45,"column":10}},"45":{"start":{"line":46,"column":0},"end":{"line":46,"column":17}},"46":{"start":{"line":47,"column":0},"end":{"line":47,"column":33}},"47":{"start":{"line":48,"column":0},"end":{"line":48,"column":33}},"48":{"start":{"line":49,"column":0},"end":{"line":49,"column":25}},"49":{"start":{"line":50,"column":0},"end":{"line":50,"column":23}},"50":{"start":{"line":51,"column":0},"end":{"line":51,"column":60}},"51":{"start":{"line":52,"column":0},"end":{"line":52,"column":11}},"52":{"start":{"line":53,"column":0},"end":{"line":53,"column":16}},"53":{"start":{"line":54,"column":0},"end":{"line":54,"column":19}},"54":{"start":{"line":55,"column":0},"end":{"line":55,"column":47}},"55":{"start":{"line":56,"column":0},"end":{"line":56,"column":17}},"56":{"start":{"line":57,"column":0},"end":{"line":57,"column":33}},"57":{"start":{"line":58,"column":0},"end":{"line":58,"column":33}},"58":{"start":{"line":59,"column":0},"end":{"line":59,"column":25}},"59":{"start":{"line":60,"column":0},"end":{"line":60,"column":23}},"60":{"start":{"line":61,"column":0},"end":{"line":61,"column":60}},"61":{"start":{"line":62,"column":0},"end":{"line":62,"column":11}},"62":{"start":{"line":63,"column":0},"end":{"line":63,"column":16}},"63":{"start":{"line":64,"column":0},"end":{"line":64,"column":19}},"64":{"start":{"line":65,"column":0},"end":{"line":65,"column":51}},"65":{"start":{"line":66,"column":0},"end":{"line":66,"column":18}},"66":{"start":{"line":67,"column":0},"end":{"line":67,"column":19}},"67":{"start":{"line":68,"column":0},"end":{"line":68,"column":26}},"68":{"start":{"line":69,"column":0},"end":{"line":69,"column":24}},"69":{"start":{"line":70,"column":0},"end":{"line":70,"column":34}},"70":{"start":{"line":71,"column":0},"end":{"line":71,"column":37}},"71":{"start":{"line":72,"column":0},"end":{"line":72,"column":34}},"72":{"start":{"line":73,"column":0},"end":{"line":73,"column":13}},"73":{"start":{"line":74,"column":0},"end":{"line":74,"column":61}},"74":{"start":{"line":75,"column":0},"end":{"line":75,"column":18}},"75":{"start":{"line":76,"column":0},"end":{"line":76,"column":23}},"76":{"start":{"line":77,"column":0},"end":{"line":77,"column":61}},"77":{"start":{"line":78,"column":0},"end":{"line":78,"column":18}},"78":{"start":{"line":79,"column":0},"end":{"line":79,"column":23}},"79":{"start":{"line":80,"column":0},"end":{"line":80,"column":61}},"80":{"start":{"line":81,"column":0},"end":{"line":81,"column":18}},"81":{"start":{"line":82,"column":0},"end":{"line":82,"column":23}},"82":{"start":{"line":83,"column":0},"end":{"line":83,"column":21}},"83":{"start":{"line":84,"column":0},"end":{"line":84,"column":18}},"84":{"start":{"line":85,"column":0},"end":{"line":85,"column":11}},"85":{"start":{"line":86,"column":0},"end":{"line":86,"column":8}},"86":{"start":{"line":87,"column":0},"end":{"line":87,"column":10}},"87":{"start":{"line":88,"column":0},"end":{"line":88,"column":4}},"88":{"start":{"line":89,"column":0},"end":{"line":89,"column":1}}},"s":{"0":1,"1":1,"2":1,"3":1,"4":1,"5":1,"6":1,"7":1,"8":1,"9":1,"10":1,"11":1,"12":1,"13":1,"14":40,"15":40,"16":40,"17":40,"18":40,"19":40,"20":1,"21":1,"22":1,"23":1,"24":40,"25":40,"26":3,"27":3,"28":3,"29":2,"30":2,"31":2,"32":3,"33":1,"34":1,"35":3,"36":40,"37":40,"38":23,"39":40,"40":40,"41":40,"42":40,"43":40,"44":10,"45":10,"46":10,"47":10,"48":10,"49":10,"50":10,"51":10,"52":10,"53":10,"54":10,"55":10,"56":10,"57":10,"58":10,"59":10,"60":10,"61":10,"62":10,"63":10,"64":10,"65":10,"66":10,"67":10,"68":10,"69":10,"70":10,"71":10,"72":10,"73":10,"74":10,"75":10,"76":10,"77":10,"78":10,"79":10,"80":10,"81":10,"82":10,"83":10,"84":10,"85":40,"86":40,"87":40,"88":40},"branchMap":{"0":{"type":"branch","line":14,"loc":{"start":{"line":14,"column":7},"end":{"line":89,"column":1}},"locations":[{"start":{"line":14,"column":7},"end":{"line":89,"column":1}}]},"1":{"type":"branch","line":44,"loc":{"start":{"line":44,"column":7},"end":{"line":85,"column":11}},"locations":[{"start":{"line":44,"column":7},"end":{"line":85,"column":11}}]},"2":{"type":"branch","line":20,"loc":{"start":{"line":20,"column":23},"end":{"line":24,"column":4}},"locations":[{"start":{"line":20,"column":23},"end":{"line":24,"column":4}}]},"3":{"type":"branch","line":26,"loc":{"start":{"line":26,"column":22},"end":{"line":36,"column":4}},"locations":[{"start":{"line":26,"column":22},"end":{"line":36,"column":4}}]},"4":{"type":"branch","line":29,"loc":{"start":{"line":29,"column":6},"end":{"line":33,"column":15}},"locations":[{"start":{"line":29,"column":6},"end":{"line":33,"column":15}}]},"5":{"type":"branch","line":33,"loc":{"start":{"line":33,"column":4},"end":{"line":35,"column":5}},"locations":[{"start":{"line":33,"column":4},"end":{"line":35,"column":5}}]},"6":{"type":"branch","line":38,"loc":{"start":{"line":38,"column":12},"end":{"line":40,"column":5}},"locations":[{"start":{"line":38,"column":12},"end":{"line":40,"column":5}}]}},"b":{"0":[40],"1":[10],"2":[1],"3":[3],"4":[2],"5":[1],"6":[23]},"fnMap":{"0":{"name":"Pagination","decl":{"start":{"line":14,"column":7},"end":{"line":89,"column":1}},"loc":{"start":{"line":14,"column":7},"end":{"line":89,"column":1}},"line":14},"1":{"name":"handleChange","decl":{"start":{"line":20,"column":23},"end":{"line":24,"column":4}},"loc":{"start":{"line":20,"column":23},"end":{"line":24,"column":4}},"line":20},"2":{"name":"handleClick","decl":{"start":{"line":26,"column":22},"end":{"line":36,"column":4}},"loc":{"start":{"line":26,"column":22},"end":{"line":36,"column":4}},"line":26}},"f":{"0":40,"1":1,"2":3}}
,"D:\\GitHub\\rsschool-components\\src\\components\\Pagination\\index.ts": {"path":"D:\\GitHub\\rsschool-components\\src\\components\\Pagination\\index.ts","all":false,"statementMap":{"0":{"start":{"line":1,"column":0},"end":{"line":1,"column":29}}},"s":{"0":1},"branchMap":{},"b":{},"fnMap":{},"f":{}}
,"D:\\GitHub\\rsschool-components\\src\\components\\ResultsList\\ResultsList.tsx": {"path":"D:\\GitHub\\rsschool-components\\src\\components\\ResultsList\\ResultsList.tsx","all":false,"statementMap":{"0":{"start":{"line":1,"column":0},"end":{"line":1,"column":35}},"1":{"start":{"line":2,"column":0},"end":{"line":2,"column":27}},"2":{"start":{"line":3,"column":0},"end":{"line":3,"column":42}},"3":{"start":{"line":4,"column":0},"end":{"line":4,"column":84}},"4":{"start":{"line":5,"column":0},"end":{"line":5,"column":35}},"5":{"start":{"line":6,"column":0},"end":{"line":6,"column":0}},"6":{"start":{"line":7,"column":0},"end":{"line":7,"column":31}},"7":{"start":{"line":8,"column":0},"end":{"line":8,"column":62}},"8":{"start":{"line":9,"column":0},"end":{"line":9,"column":0}},"9":{"start":{"line":10,"column":0},"end":{"line":10,"column":18}},"10":{"start":{"line":11,"column":0},"end":{"line":11,"column":22}},"11":{"start":{"line":12,"column":0},"end":{"line":12,"column":3}},"12":{"start":{"line":13,"column":0},"end":{"line":13,"column":0}},"13":{"start":{"line":14,"column":0},"end":{"line":14,"column":30}},"14":{"start":{"line":15,"column":0},"end":{"line":15,"column":33}},"15":{"start":{"line":16,"column":0},"end":{"line":16,"column":3}},"16":{"start":{"line":17,"column":0},"end":{"line":17,"column":0}},"17":{"start":{"line":18,"column":0},"end":{"line":18,"column":10}},"18":{"start":{"line":19,"column":0},"end":{"line":19,"column":9}},"19":{"start":{"line":20,"column":0},"end":{"line":20,"column":27}},"20":{"start":{"line":21,"column":0},"end":{"line":21,"column":33}},"21":{"start":{"line":22,"column":0},"end":{"line":22,"column":70}},"22":{"start":{"line":23,"column":0},"end":{"line":23,"column":11}},"23":{"start":{"line":24,"column":0},"end":{"line":24,"column":11}},"24":{"start":{"line":25,"column":0},"end":{"line":25,"column":10}},"25":{"start":{"line":26,"column":0},"end":{"line":26,"column":4}},"26":{"start":{"line":27,"column":0},"end":{"line":27,"column":1}}},"s":{"0":1,"1":1,"2":1,"3":1,"4":1,"5":1,"6":1,"7":23,"8":23,"9":23,"10":9,"11":9,"12":14,"13":17,"14":10,"15":10,"16":4,"17":4,"18":4,"19":4,"20":4,"21":8,"22":4,"23":4,"24":4,"25":4,"26":4},"branchMap":{"0":{"type":"branch","line":7,"loc":{"start":{"line":7,"column":7},"end":{"line":27,"column":1}},"locations":[{"start":{"line":7,"column":7},"end":{"line":27,"column":1}}]},"1":{"type":"branch","line":10,"loc":{"start":{"line":10,"column":17},"end":{"line":16,"column":3}},"locations":[{"start":{"line":10,"column":17},"end":{"line":16,"column":3}}]},"2":{"type":"branch","line":10,"loc":{"start":{"line":10,"column":17},"end":{"line":12,"column":3}},"locations":[{"start":{"line":10,"column":17},"end":{"line":12,"column":3}}]},"3":{"type":"branch","line":12,"loc":{"start":{"line":12,"column":2},"end":{"line":14,"column":29}},"locations":[{"start":{"line":12,"column":2},"end":{"line":14,"column":29}}]},"4":{"type":"branch","line":14,"loc":{"start":{"line":14,"column":29},"end":{"line":16,"column":3}},"locations":[{"start":{"line":14,"column":29},"end":{"line":16,"column":3}}]},"5":{"type":"branch","line":16,"loc":{"start":{"line":16,"column":2},"end":{"line":27,"column":1}},"locations":[{"start":{"line":16,"column":2},"end":{"line":27,"column":1}}]},"6":{"type":"branch","line":21,"loc":{"start":{"line":21,"column":22},"end":{"line":22,"column":70}},"locations":[{"start":{"line":21,"column":22},"end":{"line":22,"column":70}}]}},"b":{"0":[23],"1":[17],"2":[9],"3":[14],"4":[10],"5":[4],"6":[8]},"fnMap":{"0":{"name":"ResultsList","decl":{"start":{"line":7,"column":7},"end":{"line":27,"column":1}},"loc":{"start":{"line":7,"column":7},"end":{"line":27,"column":1}},"line":7}},"f":{"0":23}}
,"D:\\GitHub\\rsschool-components\\src\\components\\ResultsList\\index.ts": {"path":"D:\\GitHub\\rsschool-components\\src\\components\\ResultsList\\index.ts","all":false,"statementMap":{"0":{"start":{"line":1,"column":0},"end":{"line":1,"column":30}}},"s":{"0":1},"branchMap":{},"b":{},"fnMap":{},"f":{}}
,"D:\\GitHub\\rsschool-components\\src\\components\\ResultsList\\ResultItem\\ResultItem.tsx": {"path":"D:\\GitHub\\rsschool-components\\src\\components\\ResultsList\\ResultItem\\ResultItem.tsx","all":false,"statementMap":{"0":{"start":{"line":1,"column":0},"end":{"line":1,"column":26}},"1":{"start":{"line":2,"column":0},"end":{"line":2,"column":53}},"2":{"start":{"line":3,"column":0},"end":{"line":3,"column":0}},"3":{"start":{"line":4,"column":0},"end":{"line":4,"column":25}},"4":{"start":{"line":5,"column":0},"end":{"line":5,"column":13}},"5":{"start":{"line":6,"column":0},"end":{"line":6,"column":16}},"6":{"start":{"line":7,"column":0},"end":{"line":7,"column":2}},"7":{"start":{"line":8,"column":0},"end":{"line":8,"column":0}},"8":{"start":{"line":9,"column":0},"end":{"line":9,"column":61}},"9":{"start":{"line":10,"column":0},"end":{"line":10,"column":35}},"10":{"start":{"line":11,"column":0},"end":{"line":11,"column":0}},"11":{"start":{"line":12,"column":0},"end":{"line":12,"column":10}},"12":{"start":{"line":13,"column":0},"end":{"line":13,"column":25}},"13":{"start":{"line":14,"column":0},"end":{"line":14,"column":68}},"14":{"start":{"line":15,"column":0},"end":{"line":15,"column":49}},"15":{"start":{"line":16,"column":0},"end":{"line":16,"column":13}},"16":{"start":{"line":17,"column":0},"end":{"line":17,"column":9}},"17":{"start":{"line":18,"column":0},"end":{"line":18,"column":4}},"18":{"start":{"line":19,"column":0},"end":{"line":19,"column":1}}},"s":{"0":1,"1":1,"2":1,"3":1,"4":1,"5":1,"6":1,"7":1,"8":1,"9":13,"10":13,"11":13,"12":13,"13":13,"14":13,"15":13,"16":13,"17":13,"18":13},"branchMap":{"0":{"type":"branch","line":9,"loc":{"start":{"line":9,"column":7},"end":{"line":19,"column":1}},"locations":[{"start":{"line":9,"column":7},"end":{"line":19,"column":1}}]}},"b":{"0":[13]},"fnMap":{"0":{"name":"ResultItem","decl":{"start":{"line":9,"column":7},"end":{"line":19,"column":1}},"loc":{"start":{"line":9,"column":7},"end":{"line":19,"column":1}},"line":9}},"f":{"0":13}}
,"D:\\GitHub\\rsschool-components\\src\\components\\ResultsList\\ResultItem\\index.ts": {"path":"D:\\GitHub\\rsschool-components\\src\\components\\ResultsList\\ResultItem\\index.ts","all":false,"statementMap":{"0":{"start":{"line":1,"column":0},"end":{"line":1,"column":29}}},"s":{"0":1},"branchMap":{},"b":{},"fnMap":{},"f":{}}
,"D:\\GitHub\\rsschool-components\\src\\components\\SearchForm\\SearchForm.tsx": {"path":"D:\\GitHub\\rsschool-components\\src\\components\\SearchForm\\SearchForm.tsx","all":false,"statementMap":{"0":{"start":{"line":1,"column":0},"end":{"line":1,"column":69}},"1":{"start":{"line":2,"column":0},"end":{"line":2,"column":26}},"2":{"start":{"line":3,"column":0},"end":{"line":3,"column":51}},"3":{"start":{"line":4,"column":0},"end":{"line":4,"column":45}},"4":{"start":{"line":5,"column":0},"end":{"line":5,"column":78}},"5":{"start":{"line":6,"column":0},"end":{"line":6,"column":0}},"6":{"start":{"line":7,"column":0},"end":{"line":7,"column":30}},"7":{"start":{"line":8,"column":0},"end":{"line":8,"column":67}},"8":{"start":{"line":9,"column":0},"end":{"line":9,"column":53}},"9":{"start":{"line":10,"column":0},"end":{"line":10,"column":48}},"10":{"start":{"line":11,"column":0},"end":{"line":11,"column":0}},"11":{"start":{"line":12,"column":0},"end":{"line":12,"column":66}},"12":{"start":{"line":13,"column":0},"end":{"line":13,"column":33}},"13":{"start":{"line":14,"column":0},"end":{"line":14,"column":4}},"14":{"start":{"line":15,"column":0},"end":{"line":15,"column":0}},"15":{"start":{"line":16,"column":0},"end":{"line":16,"column":63}},"16":{"start":{"line":17,"column":0},"end":{"line":17,"column":27}},"17":{"start":{"line":18,"column":0},"end":{"line":18,"column":0}},"18":{"start":{"line":19,"column":0},"end":{"line":19,"column":42}},"19":{"start":{"line":20,"column":0},"end":{"line":20,"column":0}},"20":{"start":{"line":21,"column":0},"end":{"line":21,"column":21}},"21":{"start":{"line":22,"column":0},"end":{"line":22,"column":15}},"22":{"start":{"line":23,"column":0},"end":{"line":23,"column":24}},"23":{"start":{"line":24,"column":0},"end":{"line":24,"column":4}},"24":{"start":{"line":25,"column":0},"end":{"line":25,"column":0}},"25":{"start":{"line":26,"column":0},"end":{"line":26,"column":10}},"26":{"start":{"line":27,"column":0},"end":{"line":27,"column":51}},"27":{"start":{"line":28,"column":0},"end":{"line":28,"column":48}},"28":{"start":{"line":29,"column":0},"end":{"line":29,"column":14}},"29":{"start":{"line":30,"column":0},"end":{"line":30,"column":27}},"30":{"start":{"line":31,"column":0},"end":{"line":31,"column":21}},"31":{"start":{"line":32,"column":0},"end":{"line":32,"column":21}},"32":{"start":{"line":33,"column":0},"end":{"line":33,"column":23}},"33":{"start":{"line":34,"column":0},"end":{"line":34,"column":23}},"34":{"start":{"line":35,"column":0},"end":{"line":35,"column":33}},"35":{"start":{"line":36,"column":0},"end":{"line":36,"column":49}},"36":{"start":{"line":37,"column":0},"end":{"line":37,"column":10}},"37":{"start":{"line":38,"column":0},"end":{"line":38,"column":14}},"38":{"start":{"line":39,"column":0},"end":{"line":39,"column":43}},"39":{"start":{"line":40,"column":0},"end":{"line":40,"column":21}},"40":{"start":{"line":41,"column":0},"end":{"line":41,"column":11}},"41":{"start":{"line":42,"column":0},"end":{"line":42,"column":4}},"42":{"start":{"line":43,"column":0},"end":{"line":43,"column":1}}},"s":{"0":1,"1":1,"2":1,"3":1,"4":1,"5":1,"6":1,"7":21,"8":21,"9":21,"10":21,"11":21,"12":1,"13":1,"14":21,"15":21,"16":1,"17":1,"18":1,"19":1,"20":1,"21":1,"22":1,"23":1,"24":21,"25":21,"26":21,"27":21,"28":21,"29":21,"30":21,"31":21,"32":21,"33":21,"34":21,"35":21,"36":21,"37":21,"38":21,"39":21,"40":21,"41":21,"42":21},"branchMap":{"0":{"type":"branch","line":7,"loc":{"start":{"line":7,"column":7},"end":{"line":43,"column":1}},"locations":[{"start":{"line":7,"column":7},"end":{"line":43,"column":1}}]},"1":{"type":"branch","line":12,"loc":{"start":{"line":12,"column":23},"end":{"line":14,"column":4}},"locations":[{"start":{"line":12,"column":23},"end":{"line":14,"column":4}}]},"2":{"type":"branch","line":16,"loc":{"start":{"line":16,"column":23},"end":{"line":24,"column":4}},"locations":[{"start":{"line":16,"column":23},"end":{"line":24,"column":4}}]}},"b":{"0":[21],"1":[1],"2":[1]},"fnMap":{"0":{"name":"SearchForm","decl":{"start":{"line":7,"column":7},"end":{"line":43,"column":1}},"loc":{"start":{"line":7,"column":7},"end":{"line":43,"column":1}},"line":7},"1":{"name":"handleChange","decl":{"start":{"line":12,"column":23},"end":{"line":14,"column":4}},"loc":{"start":{"line":12,"column":23},"end":{"line":14,"column":4}},"line":12},"2":{"name":"handleSubmit","decl":{"start":{"line":16,"column":23},"end":{"line":24,"column":4}},"loc":{"start":{"line":16,"column":23},"end":{"line":24,"column":4}},"line":16}},"f":{"0":21,"1":1,"2":1}}
,"D:\\GitHub\\rsschool-components\\src\\components\\SearchForm\\index.ts": {"path":"D:\\GitHub\\rsschool-components\\src\\components\\SearchForm\\index.ts","all":false,"statementMap":{"0":{"start":{"line":1,"column":0},"end":{"line":1,"column":29}}},"s":{"0":1},"branchMap":{},"b":{},"fnMap":{},"f":{}}
,"D:\\GitHub\\rsschool-components\\src\\context\\productsContext\\productsContext.tsx": {"path":"D:\\GitHub\\rsschool-components\\src\\context\\productsContext\\productsContext.tsx","all":false,"statementMap":{"0":{"start":{"line":1,"column":0},"end":{"line":1,"column":70}},"1":{"start":{"line":2,"column":0},"end":{"line":2,"column":62}},"2":{"start":{"line":3,"column":0},"end":{"line":3,"column":65}},"3":{"start":{"line":4,"column":0},"end":{"line":4,"column":67}},"4":{"start":{"line":5,"column":0},"end":{"line":5,"column":0}},"5":{"start":{"line":6,"column":0},"end":{"line":6,"column":39}},"6":{"start":{"line":7,"column":0},"end":{"line":7,"column":23}},"7":{"start":{"line":8,"column":0},"end":{"line":8,"column":21}},"8":{"start":{"line":9,"column":0},"end":{"line":9,"column":24}},"9":{"start":{"line":10,"column":0},"end":{"line":10,"column":16}},"10":{"start":{"line":11,"column":0},"end":{"line":11,"column":1}},"11":{"start":{"line":12,"column":0},"end":{"line":12,"column":0}},"12":{"start":{"line":13,"column":0},"end":{"line":13,"column":68}},"13":{"start":{"line":14,"column":0},"end":{"line":14,"column":15}},"14":{"start":{"line":15,"column":0},"end":{"line":15,"column":19}},"15":{"start":{"line":16,"column":0},"end":{"line":16,"column":22}},"16":{"start":{"line":17,"column":0},"end":{"line":17,"column":11}},"17":{"start":{"line":18,"column":0},"end":{"line":18,"column":3}},"18":{"start":{"line":19,"column":0},"end":{"line":19,"column":0}},"19":{"start":{"line":20,"column":0},"end":{"line":20,"column":44}},"20":{"start":{"line":21,"column":0},"end":{"line":21,"column":11}},"21":{"start":{"line":22,"column":0},"end":{"line":22,"column":4}},"22":{"start":{"line":23,"column":0},"end":{"line":23,"column":22}},"23":{"start":{"line":24,"column":0},"end":{"line":24,"column":4}},"24":{"start":{"line":25,"column":0},"end":{"line":25,"column":60}},"25":{"start":{"line":26,"column":0},"end":{"line":26,"column":71}},"26":{"start":{"line":27,"column":0},"end":{"line":27,"column":11}},"27":{"start":{"line":28,"column":0},"end":{"line":28,"column":9}},"28":{"start":{"line":29,"column":0},"end":{"line":29,"column":9}},"29":{"start":{"line":30,"column":0},"end":{"line":30,"column":4}},"30":{"start":{"line":31,"column":0},"end":{"line":31,"column":0}},"31":{"start":{"line":32,"column":0},"end":{"line":32,"column":40}},"32":{"start":{"line":33,"column":0},"end":{"line":33,"column":57}},"33":{"start":{"line":34,"column":0},"end":{"line":34,"column":25}},"34":{"start":{"line":35,"column":0},"end":{"line":35,"column":4}},"35":{"start":{"line":36,"column":0},"end":{"line":36,"column":0}},"36":{"start":{"line":37,"column":0},"end":{"line":37,"column":10}},"37":{"start":{"line":38,"column":0},"end":{"line":38,"column":60}},"38":{"start":{"line":39,"column":0},"end":{"line":39,"column":16}},"39":{"start":{"line":40,"column":0},"end":{"line":40,"column":31}},"40":{"start":{"line":41,"column":0},"end":{"line":41,"column":4}},"41":{"start":{"line":42,"column":0},"end":{"line":42,"column":1}}},"s":{"0":1,"1":1,"2":1,"3":1,"4":1,"5":1,"6":1,"7":1,"8":1,"9":1,"10":1,"11":1,"12":1,"13":1,"14":1,"15":1,"16":1,"17":1,"18":1,"19":1,"20":31,"21":31,"22":31,"23":31,"24":31,"25":31,"26":31,"27":31,"28":31,"29":31,"30":31,"31":31,"32":31,"33":31,"34":31,"35":31,"36":31,"37":31,"38":31,"39":31,"40":31,"41":31},"branchMap":{"0":{"type":"branch","line":20,"loc":{"start":{"line":20,"column":7},"end":{"line":42,"column":1}},"locations":[{"start":{"line":20,"column":7},"end":{"line":42,"column":1}}]},"1":{"type":"branch","line":33,"loc":{"start":{"line":33,"column":4},"end":{"line":33,"column":57}},"locations":[{"start":{"line":33,"column":4},"end":{"line":33,"column":57}}]}},"b":{"0":[31],"1":[21]},"fnMap":{"0":{"name":"UseProductsContextProvider","decl":{"start":{"line":20,"column":7},"end":{"line":42,"column":1}},"loc":{"start":{"line":20,"column":7},"end":{"line":42,"column":1}},"line":20}},"f":{"0":31}}
,"D:\\GitHub\\rsschool-components\\src\\context\\searchContext\\searchContext.tsx": {"path":"D:\\GitHub\\rsschool-components\\src\\context\\searchContext\\searchContext.tsx","all":false,"statementMap":{"0":{"start":{"line":1,"column":0},"end":{"line":1,"column":79}},"1":{"start":{"line":2,"column":0},"end":{"line":2,"column":51}},"2":{"start":{"line":3,"column":0},"end":{"line":3,"column":0}},"3":{"start":{"line":4,"column":0},"end":{"line":4,"column":37}},"4":{"start":{"line":5,"column":0},"end":{"line":5,"column":17}},"5":{"start":{"line":6,"column":0},"end":{"line":6,"column":15}},"6":{"start":{"line":7,"column":0},"end":{"line":7,"column":16}},"7":{"start":{"line":8,"column":0},"end":{"line":8,"column":36}},"8":{"start":{"line":9,"column":0},"end":{"line":9,"column":34}},"9":{"start":{"line":10,"column":0},"end":{"line":10,"column":35}},"10":{"start":{"line":11,"column":0},"end":{"line":11,"column":1}},"11":{"start":{"line":12,"column":0},"end":{"line":12,"column":0}},"12":{"start":{"line":13,"column":0},"end":{"line":13,"column":42}},"13":{"start":{"line":14,"column":0},"end":{"line":14,"column":13}},"14":{"start":{"line":15,"column":0},"end":{"line":15,"column":10}},"15":{"start":{"line":16,"column":0},"end":{"line":16,"column":12}},"16":{"start":{"line":17,"column":0},"end":{"line":17,"column":32}},"17":{"start":{"line":18,"column":0},"end":{"line":18,"column":44}},"18":{"start":{"line":19,"column":0},"end":{"line":19,"column":4}},"19":{"start":{"line":20,"column":0},"end":{"line":20,"column":30}},"20":{"start":{"line":21,"column":0},"end":{"line":21,"column":42}},"21":{"start":{"line":22,"column":0},"end":{"line":22,"column":4}},"22":{"start":{"line":23,"column":0},"end":{"line":23,"column":31}},"23":{"start":{"line":24,"column":0},"end":{"line":24,"column":43}},"24":{"start":{"line":25,"column":0},"end":{"line":25,"column":4}},"25":{"start":{"line":26,"column":0},"end":{"line":26,"column":2}},"26":{"start":{"line":27,"column":0},"end":{"line":27,"column":0}},"27":{"start":{"line":28,"column":0},"end":{"line":28,"column":63}},"28":{"start":{"line":29,"column":0},"end":{"line":29,"column":27}},"29":{"start":{"line":30,"column":0},"end":{"line":30,"column":2}},"30":{"start":{"line":31,"column":0},"end":{"line":31,"column":0}},"31":{"start":{"line":32,"column":0},"end":{"line":32,"column":42}},"32":{"start":{"line":33,"column":0},"end":{"line":33,"column":11}},"33":{"start":{"line":34,"column":0},"end":{"line":34,"column":4}},"34":{"start":{"line":35,"column":0},"end":{"line":35,"column":22}},"35":{"start":{"line":36,"column":0},"end":{"line":36,"column":4}},"36":{"start":{"line":37,"column":0},"end":{"line":37,"column":60}},"37":{"start":{"line":38,"column":0},"end":{"line":38,"column":47}},"38":{"start":{"line":39,"column":0},"end":{"line":39,"column":40}},"39":{"start":{"line":40,"column":0},"end":{"line":40,"column":4}},"40":{"start":{"line":41,"column":0},"end":{"line":41,"column":43}},"41":{"start":{"line":42,"column":0},"end":{"line":42,"column":41}},"42":{"start":{"line":43,"column":0},"end":{"line":43,"column":4}},"43":{"start":{"line":44,"column":0},"end":{"line":44,"column":45}},"44":{"start":{"line":45,"column":0},"end":{"line":45,"column":47}},"45":{"start":{"line":46,"column":0},"end":{"line":46,"column":4}},"46":{"start":{"line":47,"column":0},"end":{"line":47,"column":0}},"47":{"start":{"line":48,"column":0},"end":{"line":48,"column":19}},"48":{"start":{"line":49,"column":0},"end":{"line":49,"column":19}},"49":{"start":{"line":50,"column":0},"end":{"line":50,"column":43}},"50":{"start":{"line":51,"column":0},"end":{"line":51,"column":12}},"51":{"start":{"line":52,"column":0},"end":{"line":52,"column":26}},"52":{"start":{"line":53,"column":0},"end":{"line":53,"column":5}},"53":{"start":{"line":54,"column":0},"end":{"line":54,"column":13}},"54":{"start":{"line":55,"column":0},"end":{"line":55,"column":0}},"55":{"start":{"line":56,"column":0},"end":{"line":56,"column":38}},"56":{"start":{"line":57,"column":0},"end":{"line":57,"column":66}},"57":{"start":{"line":58,"column":0},"end":{"line":58,"column":55}},"58":{"start":{"line":59,"column":0},"end":{"line":59,"column":4}},"59":{"start":{"line":60,"column":0},"end":{"line":60,"column":0}},"60":{"start":{"line":61,"column":0},"end":{"line":61,"column":10}},"61":{"start":{"line":62,"column":0},"end":{"line":62,"column":56}},"62":{"start":{"line":63,"column":0},"end":{"line":63,"column":16}},"63":{"start":{"line":64,"column":0},"end":{"line":64,"column":29}},"64":{"start":{"line":65,"column":0},"end":{"line":65,"column":4}},"65":{"start":{"line":66,"column":0},"end":{"line":66,"column":1}}},"s":{"0":1,"1":1,"2":1,"3":1,"4":1,"5":1,"6":1,"7":1,"8":1,"9":1,"10":1,"11":1,"12":1,"13":1,"14":1,"15":1,"16":1,"17":1,"18":1,"19":1,"20":1,"21":1,"22":1,"23":1,"24":1,"25":1,"26":1,"27":1,"28":1,"29":1,"30":1,"31":1,"32":40,"33":40,"34":40,"35":40,"36":40,"37":40,"38":40,"39":40,"40":40,"41":40,"42":40,"43":40,"44":40,"45":40,"46":40,"47":40,"48":18,"49":5,"50":18,"51":13,"52":13,"53":40,"54":40,"55":40,"56":40,"57":40,"58":40,"59":40,"60":40,"61":40,"62":40,"63":40,"64":40,"65":40},"branchMap":{"0":{"type":"branch","line":17,"loc":{"start":{"line":17,"column":13},"end":{"line":19,"column":4}},"locations":[{"start":{"line":17,"column":13},"end":{"line":19,"column":4}}]},"1":{"type":"branch","line":20,"loc":{"start":{"line":20,"column":11},"end":{"line":22,"column":4}},"locations":[{"start":{"line":20,"column":11},"end":{"line":22,"column":4}}]},"2":{"type":"branch","line":23,"loc":{"start":{"line":23,"column":12},"end":{"line":25,"column":4}},"locations":[{"start":{"line":23,"column":12},"end":{"line":25,"column":4}}]},"3":{"type":"branch","line":32,"loc":{"start":{"line":32,"column":7},"end":{"line":66,"column":1}},"locations":[{"start":{"line":32,"column":7},"end":{"line":66,"column":1}}]},"4":{"type":"branch","line":39,"loc":{"start":{"line":39,"column":33},"end":{"line":39,"column":40}},"locations":[{"start":{"line":39,"column":33},"end":{"line":39,"column":40}}]},"5":{"type":"branch","line":42,"loc":{"start":{"line":42,"column":35},"end":{"line":42,"column":41}},"locations":[{"start":{"line":42,"column":35},"end":{"line":42,"column":41}}]},"6":{"type":"branch","line":45,"loc":{"start":{"line":45,"column":40},"end":{"line":45,"column":47}},"locations":[{"start":{"line":45,"column":40},"end":{"line":45,"column":47}}]},"7":{"type":"branch","line":48,"loc":{"start":{"line":48,"column":12},"end":{"line":54,"column":5}},"locations":[{"start":{"line":48,"column":12},"end":{"line":54,"column":5}}]},"8":{"type":"branch","line":49,"loc":{"start":{"line":49,"column":18},"end":{"line":51,"column":11}},"locations":[{"start":{"line":49,"column":18},"end":{"line":51,"column":11}}]},"9":{"type":"branch","line":51,"loc":{"start":{"line":51,"column":4},"end":{"line":53,"column":5}},"locations":[{"start":{"line":51,"column":4},"end":{"line":53,"column":5}}]},"10":{"type":"branch","line":57,"loc":{"start":{"line":57,"column":4},"end":{"line":57,"column":66}},"locations":[{"start":{"line":57,"column":4},"end":{"line":57,"column":66}}]}},"b":{"0":[1],"1":[1],"2":[1],"3":[40],"4":[36],"5":[27],"6":[37],"7":[18],"8":[5],"9":[13],"10":[19]},"fnMap":{"0":{"name":"setSearch","decl":{"start":{"line":17,"column":13},"end":{"line":19,"column":4}},"loc":{"start":{"line":17,"column":13},"end":{"line":19,"column":4}},"line":17},"1":{"name":"setPage","decl":{"start":{"line":20,"column":11},"end":{"line":22,"column":4}},"loc":{"start":{"line":20,"column":11},"end":{"line":22,"column":4}},"line":20},"2":{"name":"setLimit","decl":{"start":{"line":23,"column":12},"end":{"line":25,"column":4}},"loc":{"start":{"line":23,"column":12},"end":{"line":25,"column":4}},"line":23},"3":{"name":"UseSearchContextProvider","decl":{"start":{"line":32,"column":7},"end":{"line":66,"column":1}},"loc":{"start":{"line":32,"column":7},"end":{"line":66,"column":1}},"line":32}},"f":{"0":1,"1":1,"2":1,"3":40}}
,"D:\\GitHub\\rsschool-components\\src\\hooks\\useProductsData.ts": {"path":"D:\\GitHub\\rsschool-components\\src\\hooks\\useProductsData.ts","all":false,"statementMap":{"0":{"start":{"line":1,"column":0},"end":{"line":1,"column":44}},"1":{"start":{"line":2,"column":0},"end":{"line":2,"column":56}},"2":{"start":{"line":3,"column":0},"end":{"line":3,"column":33}},"3":{"start":{"line":4,"column":0},"end":{"line":4,"column":0}},"4":{"start":{"line":5,"column":0},"end":{"line":5,"column":28}},"5":{"start":{"line":6,"column":0},"end":{"line":6,"column":23}},"6":{"start":{"line":7,"column":0},"end":{"line":7,"column":21}},"7":{"start":{"line":8,"column":0},"end":{"line":8,"column":24}},"8":{"start":{"line":9,"column":0},"end":{"line":9,"column":16}},"9":{"start":{"line":10,"column":0},"end":{"line":10,"column":1}},"10":{"start":{"line":11,"column":0},"end":{"line":11,"column":0}},"11":{"start":{"line":12,"column":0},"end":{"line":12,"column":32}},"12":{"start":{"line":13,"column":0},"end":{"line":13,"column":16}},"13":{"start":{"line":14,"column":0},"end":{"line":14,"column":15}},"14":{"start":{"line":15,"column":0},"end":{"line":15,"column":15}},"15":{"start":{"line":16,"column":0},"end":{"line":16,"column":21}},"16":{"start":{"line":17,"column":0},"end":{"line":17,"column":24}},"17":{"start":{"line":18,"column":0},"end":{"line":18,"column":59}},"18":{"start":{"line":19,"column":0},"end":{"line":19,"column":61}},"19":{"start":{"line":20,"column":0},"end":{"line":20,"column":67}},"20":{"start":{"line":21,"column":0},"end":{"line":21,"column":61}},"21":{"start":{"line":22,"column":0},"end":{"line":22,"column":48}},"22":{"start":{"line":23,"column":0},"end":{"line":23,"column":0}},"23":{"start":{"line":24,"column":0},"end":{"line":24,"column":19}},"24":{"start":{"line":25,"column":0},"end":{"line":25,"column":23}},"25":{"start":{"line":26,"column":0},"end":{"line":26,"column":9}},"26":{"start":{"line":27,"column":0},"end":{"line":27,"column":0}},"27":{"start":{"line":28,"column":0},"end":{"line":28,"column":19}},"28":{"start":{"line":29,"column":0},"end":{"line":29,"column":21}},"29":{"start":{"line":30,"column":0},"end":{"line":30,"column":13}},"30":{"start":{"line":31,"column":0},"end":{"line":31,"column":5}},"31":{"start":{"line":32,"column":0},"end":{"line":32,"column":0}},"32":{"start":{"line":33,"column":0},"end":{"line":33,"column":23}},"33":{"start":{"line":34,"column":0},"end":{"line":34,"column":27}},"34":{"start":{"line":35,"column":0},"end":{"line":35,"column":55}},"35":{"start":{"line":36,"column":0},"end":{"line":36,"column":37}},"36":{"start":{"line":37,"column":0},"end":{"line":37,"column":65}},"37":{"start":{"line":38,"column":0},"end":{"line":38,"column":26}},"38":{"start":{"line":39,"column":0},"end":{"line":39,"column":31}},"39":{"start":{"line":40,"column":0},"end":{"line":40,"column":7}},"40":{"start":{"line":41,"column":0},"end":{"line":41,"column":38}},"41":{"start":{"line":42,"column":0},"end":{"line":42,"column":0}},"42":{"start":{"line":43,"column":0},"end":{"line":43,"column":54}},"43":{"start":{"line":44,"column":0},"end":{"line":44,"column":1}}},"s":{"0":1,"1":1,"2":1,"3":1,"4":1,"5":1,"6":1,"7":1,"8":1,"9":1,"10":1,"11":1,"12":30,"13":30,"14":30,"15":30,"16":30,"17":30,"18":30,"19":30,"20":30,"21":30,"22":30,"23":30,"24":9,"25":30,"26":30,"27":30,"28":18,"29":9,"30":9,"31":9,"32":9,"33":9,"34":9,"35":6,"36":6,"37":6,"38":6,"39":9,"40":30,"41":30,"42":30,"43":30},"branchMap":{"0":{"type":"branch","line":12,"loc":{"start":{"line":12,"column":7},"end":{"line":44,"column":1}},"locations":[{"start":{"line":12,"column":7},"end":{"line":44,"column":1}}]},"1":{"type":"branch","line":24,"loc":{"start":{"line":24,"column":12},"end":{"line":26,"column":5}},"locations":[{"start":{"line":24,"column":12},"end":{"line":26,"column":5}}]},"2":{"type":"branch","line":28,"loc":{"start":{"line":28,"column":12},"end":{"line":41,"column":5}},"locations":[{"start":{"line":28,"column":12},"end":{"line":41,"column":5}}]},"3":{"type":"branch","line":29,"loc":{"start":{"line":29,"column":20},"end":{"line":40,"column":7}},"locations":[{"start":{"line":29,"column":20},"end":{"line":40,"column":7}}]},"4":{"type":"branch","line":35,"loc":{"start":{"line":35,"column":40},"end":{"line":40,"column":5}},"locations":[{"start":{"line":35,"column":40},"end":{"line":40,"column":5}}]}},"b":{"0":[30],"1":[9],"2":[18],"3":[9],"4":[6]},"fnMap":{"0":{"name":"useProductsData","decl":{"start":{"line":12,"column":7},"end":{"line":44,"column":1}},"loc":{"start":{"line":12,"column":7},"end":{"line":44,"column":1}},"line":12}},"f":{"0":30}}
,"D:\\GitHub\\rsschool-components\\src\\pages\\DetailPage\\DetailPage.tsx": {"path":"D:\\GitHub\\rsschool-components\\src\\pages\\DetailPage\\DetailPage.tsx","all":false,"statementMap":{"0":{"start":{"line":1,"column":0},"end":{"line":1,"column":8}},"1":{"start":{"line":2,"column":0},"end":{"line":2,"column":20}},"2":{"start":{"line":3,"column":0},"end":{"line":3,"column":14}},"3":{"start":{"line":4,"column":0},"end":{"line":4,"column":12}},"4":{"start":{"line":5,"column":0},"end":{"line":5,"column":18}},"5":{"start":{"line":6,"column":0},"end":{"line":6,"column":26}},"6":{"start":{"line":7,"column":0},"end":{"line":7,"column":52}},"7":{"start":{"line":8,"column":0},"end":{"line":8,"column":59}},"8":{"start":{"line":9,"column":0},"end":{"line":9,"column":36}},"9":{"start":{"line":10,"column":0},"end":{"line":10,"column":45}},"10":{"start":{"line":11,"column":0},"end":{"line":11,"column":26}},"11":{"start":{"line":12,"column":0},"end":{"line":12,"column":49}},"12":{"start":{"line":13,"column":0},"end":{"line":13,"column":0}},"13":{"start":{"line":14,"column":0},"end":{"line":14,"column":30}},"14":{"start":{"line":15,"column":0},"end":{"line":15,"column":24}},"15":{"start":{"line":16,"column":0},"end":{"line":16,"column":29}},"16":{"start":{"line":17,"column":0},"end":{"line":17,"column":33}},"17":{"start":{"line":18,"column":0},"end":{"line":18,"column":43}},"18":{"start":{"line":19,"column":0},"end":{"line":19,"column":57}},"19":{"start":{"line":20,"column":0},"end":{"line":20,"column":64}},"20":{"start":{"line":21,"column":0},"end":{"line":21,"column":60}},"21":{"start":{"line":22,"column":0},"end":{"line":22,"column":60}},"22":{"start":{"line":23,"column":0},"end":{"line":23,"column":38}},"23":{"start":{"line":24,"column":0},"end":{"line":24,"column":0}},"24":{"start":{"line":25,"column":0},"end":{"line":25,"column":47}},"25":{"start":{"line":26,"column":0},"end":{"line":26,"column":79}},"26":{"start":{"line":27,"column":0},"end":{"line":27,"column":33}},"27":{"start":{"line":28,"column":0},"end":{"line":28,"column":5}},"28":{"start":{"line":29,"column":0},"end":{"line":29,"column":4}},"29":{"start":{"line":30,"column":0},"end":{"line":30,"column":0}},"30":{"start":{"line":31,"column":0},"end":{"line":31,"column":29}},"31":{"start":{"line":32,"column":0},"end":{"line":32,"column":31}},"32":{"start":{"line":33,"column":0},"end":{"line":33,"column":4}},"33":{"start":{"line":34,"column":0},"end":{"line":34,"column":0}},"34":{"start":{"line":35,"column":0},"end":{"line":35,"column":19}},"35":{"start":{"line":36,"column":0},"end":{"line":36,"column":13}},"36":{"start":{"line":37,"column":0},"end":{"line":37,"column":53}},"37":{"start":{"line":38,"column":0},"end":{"line":38,"column":26}},"38":{"start":{"line":39,"column":0},"end":{"line":39,"column":25}},"39":{"start":{"line":40,"column":0},"end":{"line":40,"column":0}},"40":{"start":{"line":41,"column":0},"end":{"line":41,"column":49}},"41":{"start":{"line":42,"column":0},"end":{"line":42,"column":28}},"42":{"start":{"line":43,"column":0},"end":{"line":43,"column":0}},"43":{"start":{"line":44,"column":0},"end":{"line":44,"column":24}},"44":{"start":{"line":45,"column":0},"end":{"line":45,"column":17}},"45":{"start":{"line":46,"column":0},"end":{"line":46,"column":9}},"46":{"start":{"line":47,"column":0},"end":{"line":47,"column":0}},"47":{"start":{"line":48,"column":0},"end":{"line":48,"column":29}},"48":{"start":{"line":49,"column":0},"end":{"line":49,"column":9}},"49":{"start":{"line":50,"column":0},"end":{"line":50,"column":0}},"50":{"start":{"line":51,"column":0},"end":{"line":51,"column":23}},"51":{"start":{"line":52,"column":0},"end":{"line":52,"column":5}},"52":{"start":{"line":53,"column":0},"end":{"line":53,"column":9}},"53":{"start":{"line":54,"column":0},"end":{"line":54,"column":0}},"54":{"start":{"line":55,"column":0},"end":{"line":55,"column":45}},"55":{"start":{"line":56,"column":0},"end":{"line":56,"column":19}},"56":{"start":{"line":57,"column":0},"end":{"line":57,"column":13}},"57":{"start":{"line":58,"column":0},"end":{"line":58,"column":5}},"58":{"start":{"line":59,"column":0},"end":{"line":59,"column":0}},"59":{"start":{"line":60,"column":0},"end":{"line":60,"column":53}},"60":{"start":{"line":61,"column":0},"end":{"line":61,"column":0}},"61":{"start":{"line":62,"column":0},"end":{"line":62,"column":49}},"62":{"start":{"line":63,"column":0},"end":{"line":63,"column":18}},"63":{"start":{"line":64,"column":0},"end":{"line":64,"column":58}},"64":{"start":{"line":65,"column":0},"end":{"line":65,"column":6}},"65":{"start":{"line":66,"column":0},"end":{"line":66,"column":16}},"66":{"start":{"line":67,"column":0},"end":{"line":67,"column":0}},"67":{"start":{"line":68,"column":0},"end":{"line":68,"column":18}},"68":{"start":{"line":69,"column":0},"end":{"line":69,"column":12}},"69":{"start":{"line":70,"column":0},"end":{"line":70,"column":61}},"70":{"start":{"line":71,"column":0},"end":{"line":71,"column":18}},"71":{"start":{"line":72,"column":0},"end":{"line":72,"column":12}},"72":{"start":{"line":73,"column":0},"end":{"line":73,"column":6}},"73":{"start":{"line":74,"column":0},"end":{"line":74,"column":3}},"74":{"start":{"line":75,"column":0},"end":{"line":75,"column":17}},"75":{"start":{"line":76,"column":0},"end":{"line":76,"column":12}},"76":{"start":{"line":77,"column":0},"end":{"line":77,"column":61}},"77":{"start":{"line":78,"column":0},"end":{"line":78,"column":56}},"78":{"start":{"line":79,"column":0},"end":{"line":79,"column":12}},"79":{"start":{"line":80,"column":0},"end":{"line":80,"column":6}},"80":{"start":{"line":81,"column":0},"end":{"line":81,"column":3}},"81":{"start":{"line":82,"column":0},"end":{"line":82,"column":10}},"82":{"start":{"line":83,"column":0},"end":{"line":83,"column":59}},"83":{"start":{"line":84,"column":0},"end":{"line":84,"column":13}},"84":{"start":{"line":85,"column":0},"end":{"line":85,"column":25}},"85":{"start":{"line":86,"column":0},"end":{"line":86,"column":21}},"86":{"start":{"line":87,"column":0},"end":{"line":87,"column":20}},"87":{"start":{"line":88,"column":0},"end":{"line":88,"column":29}},"88":{"start":{"line":89,"column":0},"end":{"line":89,"column":7}},"89":{"start":{"line":90,"column":0},"end":{"line":90,"column":13}},"90":{"start":{"line":91,"column":0},"end":{"line":91,"column":15}},"91":{"start":{"line":92,"column":0},"end":{"line":92,"column":59}},"92":{"start":{"line":93,"column":0},"end":{"line":93,"column":27}},"93":{"start":{"line":94,"column":0},"end":{"line":94,"column":10}},"94":{"start":{"line":95,"column":0},"end":{"line":95,"column":4}},"95":{"start":{"line":96,"column":0},"end":{"line":96,"column":1}}},"s":{"0":1,"1":1,"2":1,"3":1,"4":1,"5":1,"6":1,"7":1,"8":1,"9":1,"10":1,"11":1,"12":1,"13":1,"14":19,"15":19,"16":19,"17":19,"18":19,"19":19,"20":19,"21":19,"22":19,"23":19,"24":19,"25":2,"26":1,"27":1,"28":2,"29":19,"30":19,"31":1,"32":1,"33":19,"34":19,"35":7,"36":7,"37":7,"38":7,"39":7,"40":7,"41":5,"42":5,"43":5,"44":1,"45":1,"46":4,"47":4,"48":7,"49":7,"50":7,"51":7,"52":19,"53":19,"54":19,"55":14,"56":7,"57":7,"58":7,"59":7,"60":7,"61":7,"62":7,"63":7,"64":7,"65":19,"66":19,"67":19,"68":14,"69":14,"70":14,"71":14,"72":14,"73":14,"74":15,"75":1,"76":1,"77":1,"78":1,"79":1,"80":1,"81":4,"82":4,"83":4,"84":4,"85":4,"86":4,"87":4,"88":4,"89":4,"90":4,"91":19,"92":19,"93":19,"94":19,"95":19},"branchMap":{"0":{"type":"branch","line":14,"loc":{"start":{"line":14,"column":7},"end":{"line":96,"column":1}},"locations":[{"start":{"line":14,"column":7},"end":{"line":96,"column":1}}]},"1":{"type":"branch","line":68,"loc":{"start":{"line":68,"column":17},"end":{"line":74,"column":3}},"locations":[{"start":{"line":68,"column":17},"end":{"line":74,"column":3}}]},"2":{"type":"branch","line":74,"loc":{"start":{"line":74,"column":2},"end":{"line":92,"column":32}},"locations":[{"start":{"line":74,"column":2},"end":{"line":92,"column":32}}]},"3":{"type":"branch","line":74,"loc":{"start":{"line":74,"column":2},"end":{"line":75,"column":16}},"locations":[{"start":{"line":74,"column":2},"end":{"line":75,"column":16}}]},"4":{"type":"branch","line":75,"loc":{"start":{"line":75,"column":16},"end":{"line":81,"column":3}},"locations":[{"start":{"line":75,"column":16},"end":{"line":81,"column":3}}]},"5":{"type":"branch","line":81,"loc":{"start":{"line":81,"column":2},"end":{"line":92,"column":32}},"locations":[{"start":{"line":81,"column":2},"end":{"line":92,"column":32}}]},"6":{"type":"branch","line":92,"loc":{"start":{"line":92,"column":19},"end":{"line":92,"column":59}},"locations":[{"start":{"line":92,"column":19},"end":{"line":92,"column":59}}]},"7":{"type":"branch","line":25,"loc":{"start":{"line":25,"column":23},"end":{"line":29,"column":4}},"locations":[{"start":{"line":25,"column":23},"end":{"line":29,"column":4}}]},"8":{"type":"branch","line":26,"loc":{"start":{"line":26,"column":78},"end":{"line":28,"column":5}},"locations":[{"start":{"line":26,"column":78},"end":{"line":28,"column":5}}]},"9":{"type":"branch","line":31,"loc":{"start":{"line":31,"column":22},"end":{"line":33,"column":4}},"locations":[{"start":{"line":31,"column":22},"end":{"line":33,"column":4}}]},"10":{"type":"branch","line":35,"loc":{"start":{"line":35,"column":12},"end":{"line":53,"column":5}},"locations":[{"start":{"line":35,"column":12},"end":{"line":53,"column":5}}]},"11":{"type":"branch","line":41,"loc":{"start":{"line":41,"column":34},"end":{"line":49,"column":7}},"locations":[{"start":{"line":41,"column":34},"end":{"line":49,"column":7}}]},"12":{"type":"branch","line":44,"loc":{"start":{"line":44,"column":23},"end":{"line":46,"column":9}},"locations":[{"start":{"line":44,"column":23},"end":{"line":46,"column":9}}]},"13":{"type":"branch","line":46,"loc":{"start":{"line":46,"column":8},"end":{"line":48,"column":29}},"locations":[{"start":{"line":46,"column":8},"end":{"line":48,"column":29}}]},"14":{"type":"branch","line":55,"loc":{"start":{"line":55,"column":12},"end":{"line":66,"column":5}},"locations":[{"start":{"line":55,"column":12},"end":{"line":66,"column":5}}]},"15":{"type":"branch","line":56,"loc":{"start":{"line":56,"column":18},"end":{"line":65,"column":6}},"locations":[{"start":{"line":56,"column":18},"end":{"line":65,"column":6}}]},"16":{"type":"branch","line":63,"loc":{"start":{"line":63,"column":11},"end":{"line":65,"column":6}},"locations":[{"start":{"line":63,"column":11},"end":{"line":65,"column":6}}]}},"b":{"0":[19],"1":[14],"2":[15],"3":[5],"4":[1],"5":[4],"6":[4],"7":[2],"8":[1],"9":[1],"10":[7],"11":[5],"12":[1],"13":[4],"14":[14],"15":[7],"16":[7]},"fnMap":{"0":{"name":"DetailPage","decl":{"start":{"line":14,"column":7},"end":{"line":96,"column":1}},"loc":{"start":{"line":14,"column":7},"end":{"line":96,"column":1}},"line":14},"1":{"name":"closeOnClick","decl":{"start":{"line":25,"column":23},"end":{"line":29,"column":4}},"loc":{"start":{"line":25,"column":23},"end":{"line":29,"column":4}},"line":25},"2":{"name":"handleClick","decl":{"start":{"line":31,"column":22},"end":{"line":33,"column":4}},"loc":{"start":{"line":31,"column":22},"end":{"line":33,"column":4}},"line":31}},"f":{"0":19,"1":2,"2":1}}
,"D:\\GitHub\\rsschool-components\\src\\pages\\DetailPage\\index.ts": {"path":"D:\\GitHub\\rsschool-components\\src\\pages\\DetailPage\\index.ts","all":false,"statementMap":{"0":{"start":{"line":1,"column":0},"end":{"line":1,"column":29}}},"s":{"0":1},"branchMap":{},"b":{},"fnMap":{},"f":{}}
,"D:\\GitHub\\rsschool-components\\src\\pages\\MainPage\\MainPage.tsx": {"path":"D:\\GitHub\\rsschool-components\\src\\pages\\MainPage\\MainPage.tsx","all":false,"statementMap":{"0":{"start":{"line":1,"column":0},"end":{"line":1,"column":57}},"1":{"start":{"line":2,"column":0},"end":{"line":2,"column":51}},"2":{"start":{"line":3,"column":0},"end":{"line":3,"column":24}},"3":{"start":{"line":4,"column":0},"end":{"line":4,"column":89}},"4":{"start":{"line":5,"column":0},"end":{"line":5,"column":51}},"5":{"start":{"line":6,"column":0},"end":{"line":6,"column":95}},"6":{"start":{"line":7,"column":0},"end":{"line":7,"column":0}},"7":{"start":{"line":8,"column":0},"end":{"line":8,"column":28}},"8":{"start":{"line":9,"column":0},"end":{"line":9,"column":10}},"9":{"start":{"line":10,"column":0},"end":{"line":10,"column":6}},"10":{"start":{"line":11,"column":0},"end":{"line":11,"column":17}},"11":{"start":{"line":12,"column":0},"end":{"line":12,"column":32}},"12":{"start":{"line":13,"column":0},"end":{"line":13,"column":36}},"13":{"start":{"line":14,"column":0},"end":{"line":14,"column":24}},"14":{"start":{"line":15,"column":0},"end":{"line":15,"column":21}},"15":{"start":{"line":16,"column":0},"end":{"line":16,"column":37}},"16":{"start":{"line":17,"column":0},"end":{"line":17,"column":33}},"17":{"start":{"line":18,"column":0},"end":{"line":18,"column":7}},"18":{"start":{"line":19,"column":0},"end":{"line":19,"column":4}},"19":{"start":{"line":20,"column":0},"end":{"line":20,"column":1}}},"s":{"0":1,"1":1,"2":1,"3":1,"4":1,"5":1,"6":1,"7":1,"8":7,"9":7,"10":7,"11":7,"12":7,"13":7,"14":7,"15":7,"16":7,"17":7,"18":7,"19":7},"branchMap":{"0":{"type":"branch","line":8,"loc":{"start":{"line":8,"column":7},"end":{"line":20,"column":1}},"locations":[{"start":{"line":8,"column":7},"end":{"line":20,"column":1}}]}},"b":{"0":[7]},"fnMap":{"0":{"name":"MainPage","decl":{"start":{"line":8,"column":7},"end":{"line":20,"column":1}},"loc":{"start":{"line":8,"column":7},"end":{"line":20,"column":1}},"line":8}},"f":{"0":7}}
,"D:\\GitHub\\rsschool-components\\src\\pages\\MainPage\\index.ts": {"path":"D:\\GitHub\\rsschool-components\\src\\pages\\MainPage\\index.ts","all":false,"statementMap":{"0":{"start":{"line":1,"column":0},"end":{"line":1,"column":27}}},"s":{"0":1},"branchMap":{},"b":{},"fnMap":{},"f":{}}
,"D:\\GitHub\\rsschool-components\\src\\test\\mocks\\handlers.ts": {"path":"D:\\GitHub\\rsschool-components\\src\\test\\mocks\\handlers.ts","all":false,"statementMap":{"0":{"start":{"line":1,"column":0},"end":{"line":1,"column":54}},"1":{"start":{"line":2,"column":0},"end":{"line":2,"column":41}},"2":{"start":{"line":3,"column":0},"end":{"line":3,"column":44}},"3":{"start":{"line":4,"column":0},"end":{"line":4,"column":46}},"4":{"start":{"line":5,"column":0},"end":{"line":5,"column":0}},"5":{"start":{"line":6,"column":0},"end":{"line":6,"column":25}},"6":{"start":{"line":7,"column":0},"end":{"line":7,"column":70}},"7":{"start":{"line":8,"column":0},"end":{"line":8,"column":37}},"8":{"start":{"line":9,"column":0},"end":{"line":9,"column":0}},"9":{"start":{"line":10,"column":0},"end":{"line":10,"column":45}},"10":{"start":{"line":11,"column":0},"end":{"line":11,"column":0}},"11":{"start":{"line":12,"column":0},"end":{"line":12,"column":38}},"12":{"start":{"line":13,"column":0},"end":{"line":13,"column":53}},"13":{"start":{"line":14,"column":0},"end":{"line":14,"column":5}},"14":{"start":{"line":15,"column":0},"end":{"line":15,"column":0}},"15":{"start":{"line":16,"column":0},"end":{"line":16,"column":43}},"16":{"start":{"line":17,"column":0},"end":{"line":17,"column":5}},"17":{"start":{"line":18,"column":0},"end":{"line":18,"column":66}},"18":{"start":{"line":19,"column":0},"end":{"line":19,"column":8}},"19":{"start":{"line":20,"column":0},"end":{"line":20,"column":19}},"20":{"start":{"line":21,"column":0},"end":{"line":21,"column":40}},"21":{"start":{"line":22,"column":0},"end":{"line":22,"column":29}},"22":{"start":{"line":23,"column":0},"end":{"line":23,"column":7}},"23":{"start":{"line":24,"column":0},"end":{"line":24,"column":53}},"24":{"start":{"line":25,"column":0},"end":{"line":25,"column":5}},"25":{"start":{"line":26,"column":0},"end":{"line":26,"column":0}},"26":{"start":{"line":27,"column":0},"end":{"line":27,"column":42}},"27":{"start":{"line":28,"column":0},"end":{"line":28,"column":5}},"28":{"start":{"line":29,"column":0},"end":{"line":29,"column":2}}},"s":{"0":1,"1":1,"2":1,"3":1,"4":1,"5":1,"6":1,"7":4,"8":4,"9":4,"10":4,"11":4,"12":1,"13":1,"14":3,"15":3,"16":1,"17":1,"18":3,"19":3,"20":3,"21":1,"22":3,"23":2,"24":2,"25":1,"26":1,"27":1,"28":1},"branchMap":{"0":{"type":"branch","line":7,"loc":{"start":{"line":7,"column":52},"end":{"line":17,"column":3}},"locations":[{"start":{"line":7,"column":52},"end":{"line":17,"column":3}}]},"1":{"type":"branch","line":12,"loc":{"start":{"line":12,"column":8},"end":{"line":12,"column":37}},"locations":[{"start":{"line":12,"column":8},"end":{"line":12,"column":37}}]},"2":{"type":"branch","line":12,"loc":{"start":{"line":12,"column":37},"end":{"line":16,"column":43}},"locations":[{"start":{"line":12,"column":37},"end":{"line":16,"column":43}}]},"3":{"type":"branch","line":12,"loc":{"start":{"line":12,"column":37},"end":{"line":14,"column":5}},"locations":[{"start":{"line":12,"column":37},"end":{"line":14,"column":5}}]},"4":{"type":"branch","line":18,"loc":{"start":{"line":18,"column":49},"end":{"line":28,"column":3}},"locations":[{"start":{"line":18,"column":49},"end":{"line":28,"column":3}}]},"5":{"type":"branch","line":21,"loc":{"start":{"line":21,"column":36},"end":{"line":22,"column":29}},"locations":[{"start":{"line":21,"column":36},"end":{"line":22,"column":29}}]},"6":{"type":"branch","line":23,"loc":{"start":{"line":23,"column":6},"end":{"line":25,"column":5}},"locations":[{"start":{"line":23,"column":6},"end":{"line":25,"column":5}}]},"7":{"type":"branch","line":25,"loc":{"start":{"line":25,"column":4},"end":{"line":27,"column":42}},"locations":[{"start":{"line":25,"column":4},"end":{"line":27,"column":42}}]}},"b":{"0":[4],"1":[1],"2":[3],"3":[1],"4":[3],"5":[1],"6":[2],"7":[1]},"fnMap":{},"f":{}}
,"D:\\GitHub\\rsschool-components\\src\\test\\mocks\\productMock.ts": {"path":"D:\\GitHub\\rsschool-components\\src\\test\\mocks\\productMock.ts","all":false,"statementMap":{"0":{"start":{"line":1,"column":0},"end":{"line":1,"column":59}},"1":{"start":{"line":2,"column":0},"end":{"line":2,"column":0}},"2":{"start":{"line":3,"column":0},"end":{"line":3,"column":38}},"3":{"start":{"line":4,"column":0},"end":{"line":4,"column":8}},"4":{"start":{"line":5,"column":0},"end":{"line":5,"column":16}},"5":{"start":{"line":6,"column":0},"end":{"line":6,"column":27}},"6":{"start":{"line":7,"column":0},"end":{"line":7,"column":14}},"7":{"start":{"line":8,"column":0},"end":{"line":8,"column":26}},"8":{"start":{"line":9,"column":0},"end":{"line":9,"column":14}},"9":{"start":{"line":10,"column":0},"end":{"line":10,"column":12}},"10":{"start":{"line":11,"column":0},"end":{"line":11,"column":22}},"11":{"start":{"line":12,"column":0},"end":{"line":12,"column":23}},"12":{"start":{"line":13,"column":0},"end":{"line":13,"column":31}},"13":{"start":{"line":14,"column":0},"end":{"line":14,"column":13}},"14":{"start":{"line":15,"column":0},"end":{"line":15,"column":2}}},"s":{"0":1,"1":1,"2":1,"3":1,"4":1,"5":1,"6":1,"7":1,"8":1,"9":1,"10":1,"11":1,"12":1,"13":1,"14":1},"branchMap":{},"b":{},"fnMap":{},"f":{}}
,"D:\\GitHub\\rsschool-components\\src\\test\\mocks\\responseMock.ts": {"path":"D:\\GitHub\\rsschool-components\\src\\test\\mocks\\responseMock.ts","all":false,"statementMap":{"0":{"start":{"line":1,"column":0},"end":{"line":1,"column":61}},"1":{"start":{"line":2,"column":0},"end":{"line":2,"column":44}},"2":{"start":{"line":3,"column":0},"end":{"line":3,"column":0}},"3":{"start":{"line":4,"column":0},"end":{"line":4,"column":40}},"4":{"start":{"line":5,"column":0},"end":{"line":5,"column":11}},"5":{"start":{"line":6,"column":0},"end":{"line":6,"column":10}},"6":{"start":{"line":7,"column":0},"end":{"line":7,"column":11}},"7":{"start":{"line":8,"column":0},"end":{"line":8,"column":20}},"8":{"start":{"line":9,"column":0},"end":{"line":9,"column":22}},"9":{"start":{"line":10,"column":0},"end":{"line":10,"column":52}},"10":{"start":{"line":11,"column":0},"end":{"line":11,"column":2}},"11":{"start":{"line":12,"column":0},"end":{"line":12,"column":0}},"12":{"start":{"line":13,"column":0},"end":{"line":13,"column":45}},"13":{"start":{"line":14,"column":0},"end":{"line":14,"column":11}},"14":{"start":{"line":15,"column":0},"end":{"line":15,"column":10}},"15":{"start":{"line":16,"column":0},"end":{"line":16,"column":11}},"16":{"start":{"line":17,"column":0},"end":{"line":17,"column":15}},"17":{"start":{"line":18,"column":0},"end":{"line":18,"column":2}}},"s":{"0":1,"1":1,"2":1,"3":1,"4":1,"5":1,"6":1,"7":1,"8":1,"9":1,"10":1,"11":1,"12":1,"13":1,"14":1,"15":1,"16":1,"17":1},"branchMap":{"0":{"type":"branch","line":10,"loc":{"start":{"line":10,"column":9},"end":{"line":10,"column":50}},"locations":[{"start":{"line":10,"column":9},"end":{"line":10,"column":50}}]}},"b":{"0":[6]},"fnMap":{},"f":{}}
,"D:\\GitHub\\rsschool-components\\src\\types\\enums\\EPaginationButtonDirection.ts": {"path":"D:\\GitHub\\rsschool-components\\src\\types\\enums\\EPaginationButtonDirection.ts","all":false,"statementMap":{"0":{"start":{"line":1,"column":0},"end":{"line":1,"column":40}},"1":{"start":{"line":2,"column":0},"end":{"line":2,"column":16}},"2":{"start":{"line":3,"column":0},"end":{"line":3,"column":16}},"3":{"start":{"line":4,"column":0},"end":{"line":4,"column":1}}},"s":{"0":1,"1":1,"2":1,"3":1},"branchMap":{"0":{"type":"branch","line":1,"loc":{"start":{"line":1,"column":7},"end":{"line":1,"column":40}},"locations":[{"start":{"line":1,"column":7},"end":{"line":1,"column":40}}]}},"b":{"0":[5]},"fnMap":{},"f":{}}
}
